Info: Starting: Create simulation model
Info: ip-generate --project-directory="D:\FastRankingSlim40gXcvrParam\Catapult\Hardware\Shells\Common\PCIeGen3 - Copy\pcie3_ttk_rcd\DUT_example_design" --output-directory="D:\FastRankingSlim40gXcvrParam\Catapult\Hardware\Shells\Common\PCIeGen3 - Copy\pcie3_ttk_rcd\DUT_example_design\pcie_de_gen3_x8_ast256\simulation" --file-set=SIM_VERILOG --report-file="html:D:\FastRankingSlim40gXcvrParam\Catapult\Hardware\Shells\Common\PCIeGen3 - Copy\pcie3_ttk_rcd\DUT_example_design\pcie_de_gen3_x8_ast256\pcie_de_gen3_x8_ast256.html" --report-file="sopcinfo:D:\FastRankingSlim40gXcvrParam\Catapult\Hardware\Shells\Common\PCIeGen3 - Copy\pcie3_ttk_rcd\DUT_example_design\pcie_de_gen3_x8_ast256.sopcinfo" --report-file="csv:D:\FastRankingSlim40gXcvrParam\Catapult\Hardware\Shells\Common\PCIeGen3 - Copy\pcie3_ttk_rcd\DUT_example_design\pcie_de_gen3_x8_ast256\pcie_de_gen3_x8_ast256.csv" --report-file="spd:D:\FastRankingSlim40gXcvrParam\Catapult\Hardware\Shells\Common\PCIeGen3 - Copy\pcie3_ttk_rcd\DUT_example_design\pcie_de_gen3_x8_ast256\pcie_de_gen3_x8_ast256.spd" --report-file="cmp:D:\FastRankingSlim40gXcvrParam\Catapult\Hardware\Shells\Common\PCIeGen3 - Copy\pcie3_ttk_rcd\DUT_example_design\pcie_de_gen3_x8_ast256\pcie_de_gen3_x8_ast256.cmp" --report-file="sip:D:\FastRankingSlim40gXcvrParam\Catapult\Hardware\Shells\Common\PCIeGen3 - Copy\pcie3_ttk_rcd\DUT_example_design\pcie_de_gen3_x8_ast256\simulation\pcie_de_gen3_x8_ast256.sip" --system-info=DEVICE_FAMILY="Stratix V" --system-info=DEVICE=Unknown --system-info=DEVICE_SPEEDGRADE=Unknown --component-file="D:\FastRankingSlim40gXcvrParam\Catapult\Hardware\Shells\Common\PCIeGen3 - Copy\pcie3_ttk_rcd\DUT_example_design\pcie_de_gen3_x8_ast256.qsys"
Progress: Loading DUT_example_design/pcie_de_gen3_x8_ast256.qsys
Progress: Reading input file
Progress: Adding DUT [altera_pcie_sv_hip_ast 14.0.2]
Progress: Parameterizing module DUT
Progress: Adding APPS [altera_pcie_hip_ast_ed 14.0]
Progress: Parameterizing module APPS
Progress: Adding pcie_reconfig_driver_0 [altera_pcie_reconfig_driver 14.0]
Progress: Parameterizing module pcie_reconfig_driver_0
Progress: Adding alt_xcvr_reconfig_0 [alt_xcvr_reconfig 14.0.2]
Progress: Parameterizing module alt_xcvr_reconfig_0
Progress: Adding clk_0 [clock_source 14.0]
Progress: Parameterizing module clk_0
Progress: Building connections
Progress: Parameterizing connections
Progress: Validating
Progress: Done reading input file
Info: pcie_de_gen3_x8_ast256.DUT: Family: Stratix V
Info: pcie_de_gen3_x8_ast256.DUT: Stratix V Hard IP for PCI Express v14.0
Info: pcie_de_gen3_x8_ast256.DUT: The application clock frequency (pld_clk) is 250 Mhz
Info: pcie_de_gen3_x8_ast256.DUT: 11 reconfiguration interfaces are required for connection to the external reconfiguration controller and the reconfig driver
Info: pcie_de_gen3_x8_ast256.DUT: Credit allocation in the 16 KBytes receive buffer:
Info: pcie_de_gen3_x8_ast256.DUT: Posted    : header=16  data=16
Info: pcie_de_gen3_x8_ast256.DUT: Non posted: header=16  data=0
Info: pcie_de_gen3_x8_ast256.DUT: Completion: header=195 data=781
Info: pcie_de_gen3_x8_ast256.DUT: When using VendorID:0x1172 and DeviceID:0xE001 the generated testbench driver will run a simulation which includes link training, configuration and target
Warning: pcie_de_gen3_x8_ast256.DUT.rx_st: The empty signal width should be 1 bits.  
Warning: pcie_de_gen3_x8_ast256.DUT.rx_st: Interface must have an associated reset
Warning: pcie_de_gen3_x8_ast256.DUT.tx_st: The empty signal width should be 1 bits.  
Warning: pcie_de_gen3_x8_ast256.DUT.tx_st: Interface must have an associated reset
Warning: pcie_de_gen3_x8_ast256.APPS.rx_st: The empty signal width should be 1 bits.  
Warning: pcie_de_gen3_x8_ast256.APPS.rx_st: Interface must have an associated reset
Warning: pcie_de_gen3_x8_ast256.APPS.tx_st: The empty signal width should be 1 bits.  
Warning: pcie_de_gen3_x8_ast256.APPS.tx_st: Interface must have an associated reset
Info: pcie_de_gen3_x8_ast256.alt_xcvr_reconfig_0: reconfig_from_xcvr port width is 11*46 bits
Info: pcie_de_gen3_x8_ast256.alt_xcvr_reconfig_0: reconfig_to_xcvr port width is 11*70 bits
Warning: pcie_de_gen3_x8_ast256.APPS.pld_clk_hip/DUT.pld_clk: DUT.pld_clk requires 250000000Hz, but source has frequency of 125000000Hz
Warning: pcie_de_gen3_x8_ast256.DUT.rx_st: DUT.rx_st does not have an associated reset
Warning: pcie_de_gen3_x8_ast256.DUT.tx_st: DUT.tx_st does not have an associated reset
Warning: pcie_de_gen3_x8_ast256.APPS.rx_st: APPS.rx_st does not have an associated reset
Warning: pcie_de_gen3_x8_ast256.APPS.tx_st: APPS.tx_st does not have an associated reset
Info: pcie_de_gen3_x8_ast256: Generating pcie_de_gen3_x8_ast256 "pcie_de_gen3_x8_ast256" for SIM_VERILOG
Info: DUT: add_fileset_file ./altera_xcvr_functions.sv SYSTEM_VERILOG PATH ../../altera_xcvr_generic/altera_xcvr_functions.sv
Info: DUT: add_fileset_file ./sv_pcs.sv SYSTEM_VERILOG PATH ../../altera_xcvr_generic/sv/sv_pcs.sv
Info: DUT: add_fileset_file ./sv_pcs_ch.sv SYSTEM_VERILOG PATH ../../altera_xcvr_generic/sv/sv_pcs_ch.sv
Info: DUT: add_fileset_file ./sv_pma.sv SYSTEM_VERILOG PATH ../../altera_xcvr_generic/sv/sv_pma.sv
Info: DUT: add_fileset_file ./sv_reconfig_bundle_to_xcvr.sv SYSTEM_VERILOG PATH ../../altera_xcvr_generic/sv/sv_reconfig_bundle_to_xcvr.sv
Info: DUT: add_fileset_file ./sv_reconfig_bundle_to_ip.sv SYSTEM_VERILOG PATH ../../altera_xcvr_generic/sv/sv_reconfig_bundle_to_ip.sv
Info: DUT: add_fileset_file ./sv_reconfig_bundle_merger.sv SYSTEM_VERILOG PATH ../../altera_xcvr_generic/sv/sv_reconfig_bundle_merger.sv
Info: DUT: add_fileset_file ./sv_rx_pma.sv SYSTEM_VERILOG PATH ../../altera_xcvr_generic/sv/sv_rx_pma.sv
Info: DUT: add_fileset_file ./sv_tx_pma.sv SYSTEM_VERILOG PATH ../../altera_xcvr_generic/sv/sv_tx_pma.sv
Info: DUT: add_fileset_file ./sv_tx_pma_ch.sv SYSTEM_VERILOG PATH ../../altera_xcvr_generic/sv/sv_tx_pma_ch.sv
Info: DUT: add_fileset_file ./sv_xcvr_h.sv SYSTEM_VERILOG PATH ../../altera_xcvr_generic/sv/sv_xcvr_h.sv
Info: DUT: add_fileset_file ./sv_xcvr_avmm_csr.sv SYSTEM_VERILOG PATH ../../altera_xcvr_generic/sv/sv_xcvr_avmm_csr.sv
Info: DUT: add_fileset_file ./sv_xcvr_avmm_dcd.sv SYSTEM_VERILOG PATH ../../altera_xcvr_generic/sv/sv_xcvr_avmm_dcd.sv
Info: DUT: add_fileset_file ./sv_xcvr_avmm.sv SYSTEM_VERILOG PATH ../../altera_xcvr_generic/sv/sv_xcvr_avmm.sv
Info: DUT: add_fileset_file ./sv_xcvr_data_adapter.sv SYSTEM_VERILOG PATH ../../altera_xcvr_generic/sv/sv_xcvr_data_adapter.sv
Info: DUT: add_fileset_file ./sv_xcvr_native.sv SYSTEM_VERILOG PATH ../../altera_xcvr_generic/sv/sv_xcvr_native.sv
Info: DUT: add_fileset_file ./sv_xcvr_plls.sv SYSTEM_VERILOG PATH ../../altera_xcvr_generic/sv/sv_xcvr_plls.sv
Info: DUT: add_fileset_file ./alt_xcvr_resync.sv SYSTEM_VERILOG PATH ../../altera_xcvr_generic/ctrl/alt_xcvr_resync.sv
Info: DUT: add_fileset_file ./sv_hssi_10g_rx_pcs_rbc.sv SYSTEM_VERILOG PATH ../../altera_xcvr_generic/sv/rbc/sv_hssi_10g_rx_pcs_rbc.sv
Info: DUT: add_fileset_file ./sv_hssi_10g_tx_pcs_rbc.sv SYSTEM_VERILOG PATH ../../altera_xcvr_generic/sv/rbc/sv_hssi_10g_tx_pcs_rbc.sv
Info: DUT: add_fileset_file ./sv_hssi_8g_rx_pcs_rbc.sv SYSTEM_VERILOG PATH ../../altera_xcvr_generic/sv/rbc/sv_hssi_8g_rx_pcs_rbc.sv
Info: DUT: add_fileset_file ./sv_hssi_8g_tx_pcs_rbc.sv SYSTEM_VERILOG PATH ../../altera_xcvr_generic/sv/rbc/sv_hssi_8g_tx_pcs_rbc.sv
Info: DUT: add_fileset_file ./sv_hssi_8g_pcs_aggregate_rbc.sv SYSTEM_VERILOG PATH ../../altera_xcvr_generic/sv/rbc/sv_hssi_8g_pcs_aggregate_rbc.sv
Info: DUT: add_fileset_file ./sv_hssi_common_pcs_pma_interface_rbc.sv SYSTEM_VERILOG PATH ../../altera_xcvr_generic/sv/rbc/sv_hssi_common_pcs_pma_interface_rbc.sv
Info: DUT: add_fileset_file ./sv_hssi_common_pld_pcs_interface_rbc.sv SYSTEM_VERILOG PATH ../../altera_xcvr_generic/sv/rbc/sv_hssi_common_pld_pcs_interface_rbc.sv
Info: DUT: add_fileset_file ./sv_hssi_pipe_gen1_2_rbc.sv SYSTEM_VERILOG PATH ../../altera_xcvr_generic/sv/rbc/sv_hssi_pipe_gen1_2_rbc.sv
Info: DUT: add_fileset_file ./sv_hssi_pipe_gen3_rbc.sv SYSTEM_VERILOG PATH ../../altera_xcvr_generic/sv/rbc/sv_hssi_pipe_gen3_rbc.sv
Info: DUT: add_fileset_file ./sv_hssi_rx_pcs_pma_interface_rbc.sv SYSTEM_VERILOG PATH ../../altera_xcvr_generic/sv/rbc/sv_hssi_rx_pcs_pma_interface_rbc.sv
Info: DUT: add_fileset_file ./sv_hssi_rx_pld_pcs_interface_rbc.sv SYSTEM_VERILOG PATH ../../altera_xcvr_generic/sv/rbc/sv_hssi_rx_pld_pcs_interface_rbc.sv
Info: DUT: add_fileset_file ./sv_hssi_tx_pcs_pma_interface_rbc.sv SYSTEM_VERILOG PATH ../../altera_xcvr_generic/sv/rbc/sv_hssi_tx_pcs_pma_interface_rbc.sv
Info: DUT: add_fileset_file ./sv_hssi_tx_pld_pcs_interface_rbc.sv SYSTEM_VERILOG PATH ../../altera_xcvr_generic/sv/rbc/sv_hssi_tx_pld_pcs_interface_rbc.sv
Info: DUT: add_fileset_file ./sv_xcvr_emsip_adapter.sv SYSTEM_VERILOG PATH ../../altera_pcie_pipe/sv/sv_xcvr_emsip_adapter.sv
Info: DUT: add_fileset_file ./sv_xcvr_pipe_native.sv SYSTEM_VERILOG PATH ../../altera_pcie_pipe/sv/sv_xcvr_pipe_native.sv
Info: DUT: "pcie_de_gen3_x8_ast256" instantiated altera_pcie_sv_hip_ast "DUT"
Info: APPS: "pcie_de_gen3_x8_ast256" instantiated altera_pcie_hip_ast_ed "APPS"
Info: pcie_reconfig_driver_0: "pcie_de_gen3_x8_ast256" instantiated altera_pcie_reconfig_driver "pcie_reconfig_driver_0"
Info: alt_xcvr_reconfig_0: add_fileset_file ./altera_xcvr_functions.sv SYSTEM_VERILOG PATH ../../altera_xcvr_generic/altera_xcvr_functions.sv
Info: alt_xcvr_reconfig_0: add_fileset_file ./mentor/altera_xcvr_functions.sv SYSTEM_VERILOG_ENCRYPT PATH ../../altera_xcvr_generic/mentor/altera_xcvr_functions.sv MENTOR_SPECIFIC
Info: alt_xcvr_reconfig_0: add_fileset_file ./sv_xcvr_h.sv SYSTEM_VERILOG PATH ../../altera_xcvr_generic/sv/sv_xcvr_h.sv
Info: alt_xcvr_reconfig_0: add_fileset_file ./mentor/sv_xcvr_h.sv SYSTEM_VERILOG_ENCRYPT PATH ../../altera_xcvr_generic/mentor/sv/sv_xcvr_h.sv MENTOR_SPECIFIC
Info: alt_xcvr_reconfig_0: add_fileset_file ./alt_xcvr_resync.sv SYSTEM_VERILOG PATH ../../altera_xcvr_generic/ctrl/alt_xcvr_resync.sv
Info: alt_xcvr_reconfig_0: add_fileset_file ./mentor/alt_xcvr_resync.sv SYSTEM_VERILOG_ENCRYPT PATH ../../altera_xcvr_generic/mentor/ctrl/alt_xcvr_resync.sv MENTOR_SPECIFIC
Info: alt_xcvr_reconfig_0: add_fileset_file ./alt_xcvr_reconfig_h.sv SYSTEM_VERILOG PATH .//alt_xcvr_reconfig_h.sv
Info: alt_xcvr_reconfig_0: add_fileset_file ./mentor/alt_xcvr_reconfig_h.sv SYSTEM_VERILOG_ENCRYPT PATH ./mentor/alt_xcvr_reconfig_h.sv MENTOR_SPECIFIC
Info: alt_xcvr_reconfig_0: add_fileset_file ./sv_xcvr_dfe_cal_sweep_h.sv SYSTEM_VERILOG PATH ../alt_xcvr_reconfig_dfe/sv_xcvr_dfe_cal_sweep_h.sv
Info: alt_xcvr_reconfig_0: add_fileset_file ./mentor/sv_xcvr_dfe_cal_sweep_h.sv SYSTEM_VERILOG_ENCRYPT PATH ../alt_xcvr_reconfig_dfe/mentor/sv_xcvr_dfe_cal_sweep_h.sv MENTOR_SPECIFIC
Info: alt_xcvr_reconfig_0: add_fileset_file ./alt_xcvr_reconfig.sv SYSTEM_VERILOG PATH .//alt_xcvr_reconfig.sv
Info: alt_xcvr_reconfig_0: add_fileset_file ./mentor/alt_xcvr_reconfig.sv SYSTEM_VERILOG_ENCRYPT PATH ./mentor/alt_xcvr_reconfig.sv MENTOR_SPECIFIC
Info: alt_xcvr_reconfig_0: add_fileset_file ./alt_xcvr_reconfig_sv.sv SYSTEM_VERILOG PATH .//alt_xcvr_reconfig_sv.sv
Info: alt_xcvr_reconfig_0: add_fileset_file ./mentor/alt_xcvr_reconfig_sv.sv SYSTEM_VERILOG_ENCRYPT PATH ./mentor/alt_xcvr_reconfig_sv.sv MENTOR_SPECIFIC
Info: alt_xcvr_reconfig_0: add_fileset_file ./alt_xcvr_reconfig_cal_seq.sv SYSTEM_VERILOG PATH .//alt_xcvr_reconfig_cal_seq.sv
Info: alt_xcvr_reconfig_0: add_fileset_file ./mentor/alt_xcvr_reconfig_cal_seq.sv SYSTEM_VERILOG_ENCRYPT PATH ./mentor/alt_xcvr_reconfig_cal_seq.sv MENTOR_SPECIFIC
Info: alt_xcvr_reconfig_0: add_fileset_file ./alt_xreconf_cif.sv SYSTEM_VERILOG PATH .//alt_xreconf_cif.sv
Info: alt_xcvr_reconfig_0: add_fileset_file ./mentor/alt_xreconf_cif.sv SYSTEM_VERILOG_ENCRYPT PATH ./mentor/alt_xreconf_cif.sv MENTOR_SPECIFIC
Info: alt_xcvr_reconfig_0: add_fileset_file ./alt_xreconf_uif.sv SYSTEM_VERILOG PATH .//alt_xreconf_uif.sv
Info: alt_xcvr_reconfig_0: add_fileset_file ./mentor/alt_xreconf_uif.sv SYSTEM_VERILOG_ENCRYPT PATH ./mentor/alt_xreconf_uif.sv MENTOR_SPECIFIC
Info: alt_xcvr_reconfig_0: add_fileset_file ./alt_xreconf_basic_acq.sv SYSTEM_VERILOG PATH .//alt_xreconf_basic_acq.sv
Info: alt_xcvr_reconfig_0: add_fileset_file ./mentor/alt_xreconf_basic_acq.sv SYSTEM_VERILOG_ENCRYPT PATH ./mentor/alt_xreconf_basic_acq.sv MENTOR_SPECIFIC
Info: alt_xcvr_reconfig_0: add_fileset_file ./alt_xcvr_reconfig_analog.sv SYSTEM_VERILOG PATH ../alt_xcvr_reconfig_analog/alt_xcvr_reconfig_analog.sv
Info: alt_xcvr_reconfig_0: add_fileset_file ./mentor/alt_xcvr_reconfig_analog.sv SYSTEM_VERILOG_ENCRYPT PATH ../alt_xcvr_reconfig_analog/mentor/alt_xcvr_reconfig_analog.sv MENTOR_SPECIFIC
Info: alt_xcvr_reconfig_0: add_fileset_file ./alt_xcvr_reconfig_analog_sv.sv SYSTEM_VERILOG PATH ../alt_xcvr_reconfig_analog/alt_xcvr_reconfig_analog_sv.sv
Info: alt_xcvr_reconfig_0: add_fileset_file ./mentor/alt_xcvr_reconfig_analog_sv.sv SYSTEM_VERILOG_ENCRYPT PATH ../alt_xcvr_reconfig_analog/mentor/alt_xcvr_reconfig_analog_sv.sv MENTOR_SPECIFIC
Info: alt_xcvr_reconfig_0: add_fileset_file ./alt_xreconf_analog_datactrl.sv SYSTEM_VERILOG PATH ../alt_xcvr_reconfig_analog/alt_xreconf_analog_datactrl.sv
Info: alt_xcvr_reconfig_0: add_fileset_file ./mentor/alt_xreconf_analog_datactrl.sv SYSTEM_VERILOG_ENCRYPT PATH ../alt_xcvr_reconfig_analog/mentor/alt_xreconf_analog_datactrl.sv MENTOR_SPECIFIC
Info: alt_xcvr_reconfig_0: add_fileset_file ./alt_xreconf_analog_rmw.sv SYSTEM_VERILOG PATH ../alt_xcvr_reconfig_analog/alt_xreconf_analog_rmw.sv
Info: alt_xcvr_reconfig_0: add_fileset_file ./mentor/alt_xreconf_analog_rmw.sv SYSTEM_VERILOG_ENCRYPT PATH ../alt_xcvr_reconfig_analog/mentor/alt_xreconf_analog_rmw.sv MENTOR_SPECIFIC
Info: alt_xcvr_reconfig_0: add_fileset_file ./alt_xreconf_analog_ctrlsm.sv SYSTEM_VERILOG PATH ../alt_xcvr_reconfig_analog/alt_xreconf_analog_ctrlsm.sv
Info: alt_xcvr_reconfig_0: add_fileset_file ./mentor/alt_xreconf_analog_ctrlsm.sv SYSTEM_VERILOG_ENCRYPT PATH ../alt_xcvr_reconfig_analog/mentor/alt_xreconf_analog_ctrlsm.sv MENTOR_SPECIFIC
Info: alt_xcvr_reconfig_0: add_fileset_file ./alt_xcvr_reconfig_offset_cancellation.sv SYSTEM_VERILOG PATH ../alt_xcvr_reconfig_offset_cancellation/alt_xcvr_reconfig_offset_cancellation.sv
Info: alt_xcvr_reconfig_0: add_fileset_file ./mentor/alt_xcvr_reconfig_offset_cancellation.sv SYSTEM_VERILOG_ENCRYPT PATH ../alt_xcvr_reconfig_offset_cancellation/mentor/alt_xcvr_reconfig_offset_cancellation.sv MENTOR_SPECIFIC
Info: alt_xcvr_reconfig_0: add_fileset_file ./alt_xcvr_reconfig_offset_cancellation_sv.sv SYSTEM_VERILOG PATH ../alt_xcvr_reconfig_offset_cancellation/alt_xcvr_reconfig_offset_cancellation_sv.sv
Info: alt_xcvr_reconfig_0: add_fileset_file ./mentor/alt_xcvr_reconfig_offset_cancellation_sv.sv SYSTEM_VERILOG_ENCRYPT PATH ../alt_xcvr_reconfig_offset_cancellation/mentor/alt_xcvr_reconfig_offset_cancellation_sv.sv MENTOR_SPECIFIC
Info: alt_xcvr_reconfig_0: add_fileset_file ./alt_xcvr_reconfig_eyemon.sv SYSTEM_VERILOG PATH ../alt_xcvr_reconfig_eyemon/alt_xcvr_reconfig_eyemon.sv
Info: alt_xcvr_reconfig_0: add_fileset_file ./mentor/alt_xcvr_reconfig_eyemon.sv SYSTEM_VERILOG_ENCRYPT PATH ../alt_xcvr_reconfig_eyemon/mentor/alt_xcvr_reconfig_eyemon.sv MENTOR_SPECIFIC
Info: alt_xcvr_reconfig_0: add_fileset_file ./alt_xcvr_reconfig_eyemon_sv.sv SYSTEM_VERILOG PATH ../alt_xcvr_reconfig_eyemon/alt_xcvr_reconfig_eyemon_sv.sv
Info: alt_xcvr_reconfig_0: add_fileset_file ./alt_xcvr_reconfig_eyemon_ctrl_sv.sv SYSTEM_VERILOG PATH ../alt_xcvr_reconfig_eyemon/alt_xcvr_reconfig_eyemon_ctrl_sv.sv
Info: alt_xcvr_reconfig_0: add_fileset_file ./alt_xcvr_reconfig_eyemon_ber_sv.sv SYSTEM_VERILOG PATH ../alt_xcvr_reconfig_eyemon/alt_xcvr_reconfig_eyemon_ber_sv.sv
Info: alt_xcvr_reconfig_0: add_fileset_file ./ber_reader_dcfifo.v VERILOG PATH ../alt_xcvr_reconfig_eyemon/ber_reader_dcfifo.v
Info: alt_xcvr_reconfig_0: add_fileset_file ./step_to_mon_sv.sv SYSTEM_VERILOG PATH ../alt_xcvr_reconfig_eyemon/step_to_mon_sv.sv
Info: alt_xcvr_reconfig_0: add_fileset_file ./mon_to_step_sv.sv SYSTEM_VERILOG PATH ../alt_xcvr_reconfig_eyemon/mon_to_step_sv.sv
Info: alt_xcvr_reconfig_0: add_fileset_file ./mentor/alt_xcvr_reconfig_eyemon_sv.sv SYSTEM_VERILOG_ENCRYPT PATH ../alt_xcvr_reconfig_eyemon/mentor/alt_xcvr_reconfig_eyemon_sv.sv MENTOR_SPECIFIC
Info: alt_xcvr_reconfig_0: add_fileset_file ./mentor/alt_xcvr_reconfig_eyemon_ctrl_sv.sv SYSTEM_VERILOG_ENCRYPT PATH ../alt_xcvr_reconfig_eyemon/mentor/alt_xcvr_reconfig_eyemon_ctrl_sv.sv MENTOR_SPECIFIC
Info: alt_xcvr_reconfig_0: add_fileset_file ./mentor/alt_xcvr_reconfig_eyemon_ber_sv.sv SYSTEM_VERILOG_ENCRYPT PATH ../alt_xcvr_reconfig_eyemon/mentor/alt_xcvr_reconfig_eyemon_ber_sv.sv MENTOR_SPECIFIC
Info: alt_xcvr_reconfig_0: add_fileset_file ./mentor/ber_reader_dcfifo.v VERILOG_ENCRYPT PATH ../alt_xcvr_reconfig_eyemon/mentor/ber_reader_dcfifo.v MENTOR_SPECIFIC
Info: alt_xcvr_reconfig_0: add_fileset_file ./mentor/step_to_mon_sv.sv SYSTEM_VERILOG_ENCRYPT PATH ../alt_xcvr_reconfig_eyemon/mentor/step_to_mon_sv.sv MENTOR_SPECIFIC
Info: alt_xcvr_reconfig_0: add_fileset_file ./mentor/mon_to_step_sv.sv SYSTEM_VERILOG_ENCRYPT PATH ../alt_xcvr_reconfig_eyemon/mentor/mon_to_step_sv.sv MENTOR_SPECIFIC
Info: alt_xcvr_reconfig_0: add_fileset_file ./alt_xcvr_reconfig_dfe.sv SYSTEM_VERILOG PATH ../alt_xcvr_reconfig_dfe/alt_xcvr_reconfig_dfe.sv
Info: alt_xcvr_reconfig_0: add_fileset_file ./mentor/alt_xcvr_reconfig_dfe.sv SYSTEM_VERILOG_ENCRYPT PATH ../alt_xcvr_reconfig_dfe/mentor/alt_xcvr_reconfig_dfe.sv MENTOR_SPECIFIC
Info: alt_xcvr_reconfig_0: add_fileset_file ./alt_xcvr_reconfig_dfe_sv.sv SYSTEM_VERILOG PATH ../alt_xcvr_reconfig_dfe/alt_xcvr_reconfig_dfe_sv.sv
Info: alt_xcvr_reconfig_0: add_fileset_file ./alt_xcvr_reconfig_dfe_reg_sv.sv SYSTEM_VERILOG PATH ../alt_xcvr_reconfig_dfe/alt_xcvr_reconfig_dfe_reg_sv.sv
Info: alt_xcvr_reconfig_0: add_fileset_file ./alt_xcvr_reconfig_dfe_cal_sv.sv SYSTEM_VERILOG PATH ../alt_xcvr_reconfig_dfe/alt_xcvr_reconfig_dfe_cal_sv.sv
Info: alt_xcvr_reconfig_0: add_fileset_file ./alt_xcvr_reconfig_dfe_cal_sweep_sv.sv SYSTEM_VERILOG PATH ../alt_xcvr_reconfig_dfe/alt_xcvr_reconfig_dfe_cal_sweep_sv.sv
Info: alt_xcvr_reconfig_0: add_fileset_file ./alt_xcvr_reconfig_dfe_cal_sweep_datapath_sv.sv SYSTEM_VERILOG PATH ../alt_xcvr_reconfig_dfe/alt_xcvr_reconfig_dfe_cal_sweep_datapath_sv.sv
Info: alt_xcvr_reconfig_0: add_fileset_file ./alt_xcvr_reconfig_dfe_oc_cal_sv.sv SYSTEM_VERILOG PATH ../alt_xcvr_reconfig_dfe/alt_xcvr_reconfig_dfe_oc_cal_sv.sv
Info: alt_xcvr_reconfig_0: add_fileset_file ./alt_xcvr_reconfig_dfe_pi_phase_sv.sv SYSTEM_VERILOG PATH ../alt_xcvr_reconfig_dfe/alt_xcvr_reconfig_dfe_pi_phase_sv.sv
Info: alt_xcvr_reconfig_0: add_fileset_file ./alt_xcvr_reconfig_dfe_step_to_mon_en_sv.sv SYSTEM_VERILOG PATH ../alt_xcvr_reconfig_dfe/alt_xcvr_reconfig_dfe_step_to_mon_en_sv.sv
Info: alt_xcvr_reconfig_0: add_fileset_file ./alt_xcvr_reconfig_dfe_adapt_tap_sv.sv SYSTEM_VERILOG PATH ../alt_xcvr_reconfig_dfe/alt_xcvr_reconfig_dfe_adapt_tap_sv.sv
Info: alt_xcvr_reconfig_0: add_fileset_file ./alt_xcvr_reconfig_dfe_ctrl_mux_sv.sv SYSTEM_VERILOG PATH ../alt_xcvr_reconfig_dfe/alt_xcvr_reconfig_dfe_ctrl_mux_sv.sv
Info: alt_xcvr_reconfig_0: add_fileset_file ./alt_xcvr_reconfig_dfe_local_reset_sv.sv SYSTEM_VERILOG PATH ../alt_xcvr_reconfig_dfe/alt_xcvr_reconfig_dfe_local_reset_sv.sv
Info: alt_xcvr_reconfig_0: add_fileset_file ./alt_xcvr_reconfig_dfe_cal_sim_sv.sv SYSTEM_VERILOG PATH ../alt_xcvr_reconfig_dfe/alt_xcvr_reconfig_dfe_cal_sim_sv.sv
Info: alt_xcvr_reconfig_0: add_fileset_file ./alt_xcvr_reconfig_dfe_adapt_tap_sim_sv.sv SYSTEM_VERILOG PATH ../alt_xcvr_reconfig_dfe/alt_xcvr_reconfig_dfe_adapt_tap_sim_sv.sv
Info: alt_xcvr_reconfig_0: add_fileset_file ./mentor/alt_xcvr_reconfig_dfe_sv.sv SYSTEM_VERILOG_ENCRYPT PATH ../alt_xcvr_reconfig_dfe/mentor/alt_xcvr_reconfig_dfe_sv.sv MENTOR_SPECIFIC
Info: alt_xcvr_reconfig_0: add_fileset_file ./mentor/alt_xcvr_reconfig_dfe_reg_sv.sv SYSTEM_VERILOG_ENCRYPT PATH ../alt_xcvr_reconfig_dfe/mentor/alt_xcvr_reconfig_dfe_reg_sv.sv MENTOR_SPECIFIC
Info: alt_xcvr_reconfig_0: add_fileset_file ./mentor/alt_xcvr_reconfig_dfe_cal_sv.sv SYSTEM_VERILOG_ENCRYPT PATH ../alt_xcvr_reconfig_dfe/mentor/alt_xcvr_reconfig_dfe_cal_sv.sv MENTOR_SPECIFIC
Info: alt_xcvr_reconfig_0: add_fileset_file ./mentor/alt_xcvr_reconfig_dfe_cal_sweep_sv.sv SYSTEM_VERILOG_ENCRYPT PATH ../alt_xcvr_reconfig_dfe/mentor/alt_xcvr_reconfig_dfe_cal_sweep_sv.sv MENTOR_SPECIFIC
Info: alt_xcvr_reconfig_0: add_fileset_file ./mentor/alt_xcvr_reconfig_dfe_cal_sweep_datapath_sv.sv SYSTEM_VERILOG_ENCRYPT PATH ../alt_xcvr_reconfig_dfe/mentor/alt_xcvr_reconfig_dfe_cal_sweep_datapath_sv.sv MENTOR_SPECIFIC
Info: alt_xcvr_reconfig_0: add_fileset_file ./mentor/alt_xcvr_reconfig_dfe_oc_cal_sv.sv SYSTEM_VERILOG_ENCRYPT PATH ../alt_xcvr_reconfig_dfe/mentor/alt_xcvr_reconfig_dfe_oc_cal_sv.sv MENTOR_SPECIFIC
Info: alt_xcvr_reconfig_0: add_fileset_file ./mentor/alt_xcvr_reconfig_dfe_pi_phase_sv.sv SYSTEM_VERILOG_ENCRYPT PATH ../alt_xcvr_reconfig_dfe/mentor/alt_xcvr_reconfig_dfe_pi_phase_sv.sv MENTOR_SPECIFIC
Info: alt_xcvr_reconfig_0: add_fileset_file ./mentor/alt_xcvr_reconfig_dfe_step_to_mon_en_sv.sv SYSTEM_VERILOG_ENCRYPT PATH ../alt_xcvr_reconfig_dfe/mentor/alt_xcvr_reconfig_dfe_step_to_mon_en_sv.sv MENTOR_SPECIFIC
Info: alt_xcvr_reconfig_0: add_fileset_file ./mentor/alt_xcvr_reconfig_dfe_adapt_tap_sv.sv SYSTEM_VERILOG_ENCRYPT PATH ../alt_xcvr_reconfig_dfe/mentor/alt_xcvr_reconfig_dfe_adapt_tap_sv.sv MENTOR_SPECIFIC
Info: alt_xcvr_reconfig_0: add_fileset_file ./mentor/alt_xcvr_reconfig_dfe_ctrl_mux_sv.sv SYSTEM_VERILOG_ENCRYPT PATH ../alt_xcvr_reconfig_dfe/mentor/alt_xcvr_reconfig_dfe_ctrl_mux_sv.sv MENTOR_SPECIFIC
Info: alt_xcvr_reconfig_0: add_fileset_file ./mentor/alt_xcvr_reconfig_dfe_local_reset_sv.sv SYSTEM_VERILOG_ENCRYPT PATH ../alt_xcvr_reconfig_dfe/mentor/alt_xcvr_reconfig_dfe_local_reset_sv.sv MENTOR_SPECIFIC
Info: alt_xcvr_reconfig_0: add_fileset_file ./mentor/alt_xcvr_reconfig_dfe_cal_sim_sv.sv SYSTEM_VERILOG_ENCRYPT PATH ../alt_xcvr_reconfig_dfe/mentor/alt_xcvr_reconfig_dfe_cal_sim_sv.sv MENTOR_SPECIFIC
Info: alt_xcvr_reconfig_0: add_fileset_file ./mentor/alt_xcvr_reconfig_dfe_adapt_tap_sim_sv.sv SYSTEM_VERILOG_ENCRYPT PATH ../alt_xcvr_reconfig_dfe/mentor/alt_xcvr_reconfig_dfe_adapt_tap_sim_sv.sv MENTOR_SPECIFIC
Info: alt_xcvr_reconfig_0: add_fileset_file ./alt_xcvr_reconfig_adce.sv SYSTEM_VERILOG PATH ../alt_xcvr_reconfig_adce/alt_xcvr_reconfig_adce.sv
Info: alt_xcvr_reconfig_0: add_fileset_file ./mentor/alt_xcvr_reconfig_adce.sv SYSTEM_VERILOG_ENCRYPT PATH ../alt_xcvr_reconfig_adce/mentor/alt_xcvr_reconfig_adce.sv MENTOR_SPECIFIC
Info: alt_xcvr_reconfig_0: add_fileset_file ./alt_xcvr_reconfig_adce_sv.sv SYSTEM_VERILOG PATH ../alt_xcvr_reconfig_adce/alt_xcvr_reconfig_adce_sv.sv
Info: alt_xcvr_reconfig_0: add_fileset_file ./alt_xcvr_reconfig_adce_datactrl_sv.sv SYSTEM_VERILOG PATH ../alt_xcvr_reconfig_adce/alt_xcvr_reconfig_adce_datactrl_sv.sv
Info: alt_xcvr_reconfig_0: add_fileset_file ./mentor/alt_xcvr_reconfig_adce_sv.sv SYSTEM_VERILOG_ENCRYPT PATH ../alt_xcvr_reconfig_adce/mentor/alt_xcvr_reconfig_adce_sv.sv MENTOR_SPECIFIC
Info: alt_xcvr_reconfig_0: add_fileset_file ./mentor/alt_xcvr_reconfig_adce_datactrl_sv.sv SYSTEM_VERILOG_ENCRYPT PATH ../alt_xcvr_reconfig_adce/mentor/alt_xcvr_reconfig_adce_datactrl_sv.sv MENTOR_SPECIFIC
Info: alt_xcvr_reconfig_0: add_fileset_file ./alt_xcvr_reconfig_dcd.sv SYSTEM_VERILOG PATH ../alt_xcvr_reconfig_dcd/alt_xcvr_reconfig_dcd.sv
Info: alt_xcvr_reconfig_0: add_fileset_file ./mentor/alt_xcvr_reconfig_dcd.sv SYSTEM_VERILOG_ENCRYPT PATH ../alt_xcvr_reconfig_dcd/mentor/alt_xcvr_reconfig_dcd.sv MENTOR_SPECIFIC
Info: alt_xcvr_reconfig_0: add_fileset_file ./alt_xcvr_reconfig_dcd_sv.sv SYSTEM_VERILOG PATH ../alt_xcvr_reconfig_dcd/alt_xcvr_reconfig_dcd_sv.sv
Info: alt_xcvr_reconfig_0: add_fileset_file ./alt_xcvr_reconfig_dcd_cal.sv SYSTEM_VERILOG PATH ../alt_xcvr_reconfig_dcd/alt_xcvr_reconfig_dcd_cal.sv
Info: alt_xcvr_reconfig_0: add_fileset_file ./alt_xcvr_reconfig_dcd_control.sv SYSTEM_VERILOG PATH ../alt_xcvr_reconfig_dcd/alt_xcvr_reconfig_dcd_control.sv
Info: alt_xcvr_reconfig_0: add_fileset_file ./alt_xcvr_reconfig_dcd_datapath.sv SYSTEM_VERILOG PATH ../alt_xcvr_reconfig_dcd/alt_xcvr_reconfig_dcd_datapath.sv
Info: alt_xcvr_reconfig_0: add_fileset_file ./alt_xcvr_reconfig_dcd_pll_reset.sv SYSTEM_VERILOG PATH ../alt_xcvr_reconfig_dcd/alt_xcvr_reconfig_dcd_pll_reset.sv
Info: alt_xcvr_reconfig_0: add_fileset_file ./alt_xcvr_reconfig_dcd_eye_width.sv SYSTEM_VERILOG PATH ../alt_xcvr_reconfig_dcd/alt_xcvr_reconfig_dcd_eye_width.sv
Info: alt_xcvr_reconfig_0: add_fileset_file ./alt_xcvr_reconfig_dcd_align_clk.sv SYSTEM_VERILOG PATH ../alt_xcvr_reconfig_dcd/alt_xcvr_reconfig_dcd_align_clk.sv
Info: alt_xcvr_reconfig_0: add_fileset_file ./alt_xcvr_reconfig_dcd_get_sum.sv SYSTEM_VERILOG PATH ../alt_xcvr_reconfig_dcd/alt_xcvr_reconfig_dcd_get_sum.sv
Info: alt_xcvr_reconfig_0: add_fileset_file ./alt_xcvr_reconfig_dcd_cal_sim_model.sv SYSTEM_VERILOG PATH ../alt_xcvr_reconfig_dcd/alt_xcvr_reconfig_dcd_cal_sim_model.sv
Info: alt_xcvr_reconfig_0: add_fileset_file ./mentor/alt_xcvr_reconfig_dcd_sv.sv SYSTEM_VERILOG_ENCRYPT PATH ../alt_xcvr_reconfig_dcd/mentor/alt_xcvr_reconfig_dcd_sv.sv MENTOR_SPECIFIC
Info: alt_xcvr_reconfig_0: add_fileset_file ./mentor/alt_xcvr_reconfig_dcd_cal.sv SYSTEM_VERILOG_ENCRYPT PATH ../alt_xcvr_reconfig_dcd/mentor/alt_xcvr_reconfig_dcd_cal.sv MENTOR_SPECIFIC
Info: alt_xcvr_reconfig_0: add_fileset_file ./mentor/alt_xcvr_reconfig_dcd_control.sv SYSTEM_VERILOG_ENCRYPT PATH ../alt_xcvr_reconfig_dcd/mentor/alt_xcvr_reconfig_dcd_control.sv MENTOR_SPECIFIC
Info: alt_xcvr_reconfig_0: add_fileset_file ./mentor/alt_xcvr_reconfig_dcd_datapath.sv SYSTEM_VERILOG_ENCRYPT PATH ../alt_xcvr_reconfig_dcd/mentor/alt_xcvr_reconfig_dcd_datapath.sv MENTOR_SPECIFIC
Info: alt_xcvr_reconfig_0: add_fileset_file ./mentor/alt_xcvr_reconfig_dcd_pll_reset.sv SYSTEM_VERILOG_ENCRYPT PATH ../alt_xcvr_reconfig_dcd/mentor/alt_xcvr_reconfig_dcd_pll_reset.sv MENTOR_SPECIFIC
Info: alt_xcvr_reconfig_0: add_fileset_file ./mentor/alt_xcvr_reconfig_dcd_eye_width.sv SYSTEM_VERILOG_ENCRYPT PATH ../alt_xcvr_reconfig_dcd/mentor/alt_xcvr_reconfig_dcd_eye_width.sv MENTOR_SPECIFIC
Info: alt_xcvr_reconfig_0: add_fileset_file ./mentor/alt_xcvr_reconfig_dcd_align_clk.sv SYSTEM_VERILOG_ENCRYPT PATH ../alt_xcvr_reconfig_dcd/mentor/alt_xcvr_reconfig_dcd_align_clk.sv MENTOR_SPECIFIC
Info: alt_xcvr_reconfig_0: add_fileset_file ./mentor/alt_xcvr_reconfig_dcd_get_sum.sv SYSTEM_VERILOG_ENCRYPT PATH ../alt_xcvr_reconfig_dcd/mentor/alt_xcvr_reconfig_dcd_get_sum.sv MENTOR_SPECIFIC
Info: alt_xcvr_reconfig_0: add_fileset_file ./mentor/alt_xcvr_reconfig_dcd_cal_sim_model.sv SYSTEM_VERILOG_ENCRYPT PATH ../alt_xcvr_reconfig_dcd/mentor/alt_xcvr_reconfig_dcd_cal_sim_model.sv MENTOR_SPECIFIC
Info: alt_xcvr_reconfig_0: add_fileset_file ./alt_xcvr_reconfig_mif.sv SYSTEM_VERILOG PATH ../alt_xcvr_reconfig_mif/alt_xcvr_reconfig_mif.sv
Info: alt_xcvr_reconfig_0: add_fileset_file ./mentor/alt_xcvr_reconfig_mif.sv SYSTEM_VERILOG_ENCRYPT PATH ../alt_xcvr_reconfig_mif/mentor/alt_xcvr_reconfig_mif.sv MENTOR_SPECIFIC
Info: alt_xcvr_reconfig_0: add_fileset_file ./sv_xcvr_reconfig_mif.sv SYSTEM_VERILOG PATH ../alt_xcvr_reconfig_mif/sv_xcvr_reconfig_mif.sv
Info: alt_xcvr_reconfig_0: add_fileset_file ./sv_xcvr_reconfig_mif_ctrl.sv SYSTEM_VERILOG PATH ../alt_xcvr_reconfig_mif/sv_xcvr_reconfig_mif_ctrl.sv
Info: alt_xcvr_reconfig_0: add_fileset_file ./sv_xcvr_reconfig_mif_avmm.sv SYSTEM_VERILOG PATH ../alt_xcvr_reconfig_mif/sv_xcvr_reconfig_mif_avmm.sv
Info: alt_xcvr_reconfig_0: add_fileset_file ./mentor/sv_xcvr_reconfig_mif.sv SYSTEM_VERILOG_ENCRYPT PATH ../alt_xcvr_reconfig_mif/mentor/sv_xcvr_reconfig_mif.sv MENTOR_SPECIFIC
Info: alt_xcvr_reconfig_0: add_fileset_file ./mentor/sv_xcvr_reconfig_mif_ctrl.sv SYSTEM_VERILOG_ENCRYPT PATH ../alt_xcvr_reconfig_mif/mentor/sv_xcvr_reconfig_mif_ctrl.sv MENTOR_SPECIFIC
Info: alt_xcvr_reconfig_0: add_fileset_file ./mentor/sv_xcvr_reconfig_mif_avmm.sv SYSTEM_VERILOG_ENCRYPT PATH ../alt_xcvr_reconfig_mif/mentor/sv_xcvr_reconfig_mif_avmm.sv MENTOR_SPECIFIC
Info: alt_xcvr_reconfig_0: add_fileset_file ./alt_xcvr_reconfig_pll.sv SYSTEM_VERILOG PATH ../alt_xcvr_reconfig_pll/alt_xcvr_reconfig_pll.sv
Info: alt_xcvr_reconfig_0: add_fileset_file ./mentor/alt_xcvr_reconfig_pll.sv SYSTEM_VERILOG_ENCRYPT PATH ../alt_xcvr_reconfig_pll/mentor/alt_xcvr_reconfig_pll.sv MENTOR_SPECIFIC
Info: alt_xcvr_reconfig_0: add_fileset_file ./sv_xcvr_reconfig_pll.sv SYSTEM_VERILOG PATH ../alt_xcvr_reconfig_pll/sv_xcvr_reconfig_pll.sv
Info: alt_xcvr_reconfig_0: add_fileset_file ./sv_xcvr_reconfig_pll_ctrl.sv SYSTEM_VERILOG PATH ../alt_xcvr_reconfig_pll/sv_xcvr_reconfig_pll_ctrl.sv
Info: alt_xcvr_reconfig_0: add_fileset_file ./mentor/sv_xcvr_reconfig_pll.sv SYSTEM_VERILOG_ENCRYPT PATH ../alt_xcvr_reconfig_pll/mentor/sv_xcvr_reconfig_pll.sv MENTOR_SPECIFIC
Info: alt_xcvr_reconfig_0: add_fileset_file ./mentor/sv_xcvr_reconfig_pll_ctrl.sv SYSTEM_VERILOG_ENCRYPT PATH ../alt_xcvr_reconfig_pll/mentor/sv_xcvr_reconfig_pll_ctrl.sv MENTOR_SPECIFIC
Info: alt_xcvr_reconfig_0: add_fileset_file ./alt_xcvr_reconfig_soc.sv SYSTEM_VERILOG PATH ../alt_xcvr_reconfig_soc/alt_xcvr_reconfig_soc.sv
Info: alt_xcvr_reconfig_0: add_fileset_file ./alt_xcvr_reconfig_cpu_ram.sv SYSTEM_VERILOG PATH ../alt_xcvr_reconfig_soc/alt_xcvr_reconfig_cpu_ram.sv
Info: alt_xcvr_reconfig_0: add_fileset_file ./alt_xcvr_reconfig_cpu_ram.hex OTHER PATH ../alt_xcvr_reconfig_soc/software/alt_xcvr_reconfig/mem_init/alt_xcvr_reconfig_cpu_ram.hex
Info: alt_xcvr_reconfig_0: add_fileset_file ./alt_xcvr_reconfig_direct.sv SYSTEM_VERILOG PATH ../alt_xcvr_reconfig_direct/alt_xcvr_reconfig_direct.sv
Info: alt_xcvr_reconfig_0: add_fileset_file ./sv_xrbasic_l2p_addr.sv SYSTEM_VERILOG PATH ../alt_xcvr_reconfig_basic/sv_xrbasic_l2p_addr.sv
Info: alt_xcvr_reconfig_0: add_fileset_file ./sv_xrbasic_l2p_ch.sv SYSTEM_VERILOG PATH ../alt_xcvr_reconfig_basic/sv_xrbasic_l2p_ch.sv
Info: alt_xcvr_reconfig_0: add_fileset_file ./sv_xrbasic_l2p_rom.sv SYSTEM_VERILOG PATH ../alt_xcvr_reconfig_basic/sv_xrbasic_l2p_rom.sv
Info: alt_xcvr_reconfig_0: add_fileset_file ./sv_xrbasic_lif_csr.sv SYSTEM_VERILOG PATH ../alt_xcvr_reconfig_basic/sv_xrbasic_lif_csr.sv
Info: alt_xcvr_reconfig_0: add_fileset_file ./sv_xrbasic_lif.sv SYSTEM_VERILOG PATH ../alt_xcvr_reconfig_basic/sv_xrbasic_lif.sv
Info: alt_xcvr_reconfig_0: add_fileset_file ./sv_xcvr_reconfig_basic.sv SYSTEM_VERILOG PATH ../alt_xcvr_reconfig_basic/sv_xcvr_reconfig_basic.sv
Info: alt_xcvr_reconfig_0: add_fileset_file ./alt_arbiter_acq.sv SYSTEM_VERILOG PATH ../alt_xcvr_reconfig_basic/alt_arbiter_acq.sv
Info: alt_xcvr_reconfig_0: add_fileset_file ./alt_xcvr_reconfig_basic.sv SYSTEM_VERILOG PATH ../alt_xcvr_reconfig_basic/alt_xcvr_reconfig_basic.sv
Info: alt_xcvr_reconfig_0: add_fileset_file ./mentor/sv_xrbasic_l2p_addr.sv SYSTEM_VERILOG_ENCRYPT PATH ../alt_xcvr_reconfig_basic/mentor/sv_xrbasic_l2p_addr.sv MENTOR_SPECIFIC
Info: alt_xcvr_reconfig_0: add_fileset_file ./mentor/sv_xrbasic_l2p_ch.sv SYSTEM_VERILOG_ENCRYPT PATH ../alt_xcvr_reconfig_basic/mentor/sv_xrbasic_l2p_ch.sv MENTOR_SPECIFIC
Info: alt_xcvr_reconfig_0: add_fileset_file ./mentor/sv_xrbasic_l2p_rom.sv SYSTEM_VERILOG_ENCRYPT PATH ../alt_xcvr_reconfig_basic/mentor/sv_xrbasic_l2p_rom.sv MENTOR_SPECIFIC
Info: alt_xcvr_reconfig_0: add_fileset_file ./mentor/sv_xrbasic_lif_csr.sv SYSTEM_VERILOG_ENCRYPT PATH ../alt_xcvr_reconfig_basic/mentor/sv_xrbasic_lif_csr.sv MENTOR_SPECIFIC
Info: alt_xcvr_reconfig_0: add_fileset_file ./mentor/sv_xrbasic_lif.sv SYSTEM_VERILOG_ENCRYPT PATH ../alt_xcvr_reconfig_basic/mentor/sv_xrbasic_lif.sv MENTOR_SPECIFIC
Info: alt_xcvr_reconfig_0: add_fileset_file ./mentor/sv_xcvr_reconfig_basic.sv SYSTEM_VERILOG_ENCRYPT PATH ../alt_xcvr_reconfig_basic/mentor/sv_xcvr_reconfig_basic.sv MENTOR_SPECIFIC
Info: alt_xcvr_reconfig_0: add_fileset_file ./mentor/alt_arbiter_acq.sv SYSTEM_VERILOG_ENCRYPT PATH ../alt_xcvr_reconfig_basic/mentor/alt_arbiter_acq.sv MENTOR_SPECIFIC
Info: alt_xcvr_reconfig_0: add_fileset_file ./mentor/alt_xcvr_reconfig_basic.sv SYSTEM_VERILOG_ENCRYPT PATH ../alt_xcvr_reconfig_basic/mentor/alt_xcvr_reconfig_basic.sv MENTOR_SPECIFIC
Info: alt_xcvr_reconfig_0: add_fileset_file ./alt_xcvr_arbiter.sv SYSTEM_VERILOG PATH ../../altera_xcvr_generic/ctrl/alt_xcvr_arbiter.sv
Info: alt_xcvr_reconfig_0: add_fileset_file ./alt_xcvr_m2s.sv SYSTEM_VERILOG PATH ../../altera_xcvr_generic/ctrl/alt_xcvr_m2s.sv
Info: alt_xcvr_reconfig_0: add_fileset_file ./altera_wait_generate.v VERILOG PATH ../../altera_xcvr_generic/ctrl/altera_wait_generate.v
Info: alt_xcvr_reconfig_0: add_fileset_file ./alt_xcvr_csr_selector.sv SYSTEM_VERILOG PATH ../../altera_xcvr_generic/ctrl/alt_xcvr_csr_selector.sv
Info: alt_xcvr_reconfig_0: add_fileset_file ./mentor/alt_xcvr_arbiter.sv SYSTEM_VERILOG_ENCRYPT PATH ../../altera_xcvr_generic/mentor/ctrl/alt_xcvr_arbiter.sv MENTOR_SPECIFIC
Info: alt_xcvr_reconfig_0: add_fileset_file ./mentor/alt_xcvr_m2s.sv SYSTEM_VERILOG_ENCRYPT PATH ../../altera_xcvr_generic/mentor/ctrl/alt_xcvr_m2s.sv MENTOR_SPECIFIC
Info: alt_xcvr_reconfig_0: add_fileset_file ./mentor/altera_wait_generate.v VERILOG_ENCRYPT PATH ../../altera_xcvr_generic/mentor/ctrl/altera_wait_generate.v MENTOR_SPECIFIC
Info: alt_xcvr_reconfig_0: add_fileset_file ./mentor/alt_xcvr_csr_selector.sv SYSTEM_VERILOG_ENCRYPT PATH ../../altera_xcvr_generic/mentor/ctrl/alt_xcvr_csr_selector.sv MENTOR_SPECIFIC
Info: alt_xcvr_reconfig_0: add_fileset_file ./sv_reconfig_bundle_to_basic.sv SYSTEM_VERILOG PATH ../../altera_xcvr_generic/sv/sv_reconfig_bundle_to_basic.sv
Info: alt_xcvr_reconfig_0: add_fileset_file ./mentor/sv_reconfig_bundle_to_basic.sv SYSTEM_VERILOG_ENCRYPT PATH ../../altera_xcvr_generic/mentor/sv/sv_reconfig_bundle_to_basic.sv MENTOR_SPECIFIC
Info: alt_xcvr_reconfig_0: add_fileset_file ./alt_xcvr_reconfig_cpu.v VERILOG PATH C:/Users/a-jathon/AppData/Local/Temp/alt6688_4200543864033390587.dir/0004_alt_xcvr_reconfig_0_gen/SIM_VERILOG/alt_xcvr_reconfig_cpu.v
Info: alt_xcvr_reconfig_0: add_fileset_file ./alt_xcvr_reconfig_cpu_reconfig_cpu.v VERILOG PATH C:/Users/a-jathon/AppData/Local/Temp/alt6688_4200543864033390587.dir/0004_alt_xcvr_reconfig_0_gen/SIM_VERILOG/submodules/alt_xcvr_reconfig_cpu_reconfig_cpu.v
Info: alt_xcvr_reconfig_0: add_fileset_file ./alt_xcvr_reconfig_cpu_reconfig_cpu_nios2_waves.do OTHER PATH C:/Users/a-jathon/AppData/Local/Temp/alt6688_4200543864033390587.dir/0004_alt_xcvr_reconfig_0_gen/SIM_VERILOG/submodules/alt_xcvr_reconfig_cpu_reconfig_cpu_nios2_waves.do
Info: alt_xcvr_reconfig_0: add_fileset_file ./alt_xcvr_reconfig_cpu_reconfig_cpu_rf_ram_a.dat OTHER PATH C:/Users/a-jathon/AppData/Local/Temp/alt6688_4200543864033390587.dir/0004_alt_xcvr_reconfig_0_gen/SIM_VERILOG/submodules/alt_xcvr_reconfig_cpu_reconfig_cpu_rf_ram_a.dat
Info: alt_xcvr_reconfig_0: add_fileset_file ./alt_xcvr_reconfig_cpu_reconfig_cpu_rf_ram_a.hex OTHER PATH C:/Users/a-jathon/AppData/Local/Temp/alt6688_4200543864033390587.dir/0004_alt_xcvr_reconfig_0_gen/SIM_VERILOG/submodules/alt_xcvr_reconfig_cpu_reconfig_cpu_rf_ram_a.hex
Info: alt_xcvr_reconfig_0: add_fileset_file ./alt_xcvr_reconfig_cpu_reconfig_cpu_rf_ram_a.mif OTHER PATH C:/Users/a-jathon/AppData/Local/Temp/alt6688_4200543864033390587.dir/0004_alt_xcvr_reconfig_0_gen/SIM_VERILOG/submodules/alt_xcvr_reconfig_cpu_reconfig_cpu_rf_ram_a.mif
Info: alt_xcvr_reconfig_0: add_fileset_file ./alt_xcvr_reconfig_cpu_reconfig_cpu_rf_ram_b.dat OTHER PATH C:/Users/a-jathon/AppData/Local/Temp/alt6688_4200543864033390587.dir/0004_alt_xcvr_reconfig_0_gen/SIM_VERILOG/submodules/alt_xcvr_reconfig_cpu_reconfig_cpu_rf_ram_b.dat
Info: alt_xcvr_reconfig_0: add_fileset_file ./alt_xcvr_reconfig_cpu_reconfig_cpu_rf_ram_b.hex OTHER PATH C:/Users/a-jathon/AppData/Local/Temp/alt6688_4200543864033390587.dir/0004_alt_xcvr_reconfig_0_gen/SIM_VERILOG/submodules/alt_xcvr_reconfig_cpu_reconfig_cpu_rf_ram_b.hex
Info: alt_xcvr_reconfig_0: add_fileset_file ./alt_xcvr_reconfig_cpu_reconfig_cpu_rf_ram_b.mif OTHER PATH C:/Users/a-jathon/AppData/Local/Temp/alt6688_4200543864033390587.dir/0004_alt_xcvr_reconfig_0_gen/SIM_VERILOG/submodules/alt_xcvr_reconfig_cpu_reconfig_cpu_rf_ram_b.mif
Info: alt_xcvr_reconfig_0: add_fileset_file ./alt_xcvr_reconfig_cpu_reconfig_cpu_test_bench.v VERILOG PATH C:/Users/a-jathon/AppData/Local/Temp/alt6688_4200543864033390587.dir/0004_alt_xcvr_reconfig_0_gen/SIM_VERILOG/submodules/alt_xcvr_reconfig_cpu_reconfig_cpu_test_bench.v
Info: alt_xcvr_reconfig_0: add_fileset_file ./alt_xcvr_reconfig_cpu_mm_interconnect_0.v VERILOG PATH C:/Users/a-jathon/AppData/Local/Temp/alt6688_4200543864033390587.dir/0004_alt_xcvr_reconfig_0_gen/SIM_VERILOG/submodules/alt_xcvr_reconfig_cpu_mm_interconnect_0.v
Info: alt_xcvr_reconfig_0: add_fileset_file ./alt_xcvr_reconfig_cpu_irq_mapper.sv SYSTEM_VERILOG PATH C:/Users/a-jathon/AppData/Local/Temp/alt6688_4200543864033390587.dir/0004_alt_xcvr_reconfig_0_gen/SIM_VERILOG/submodules/alt_xcvr_reconfig_cpu_irq_mapper.sv
Info: alt_xcvr_reconfig_0: add_fileset_file ./altera_reset_controller.v VERILOG PATH C:/Users/a-jathon/AppData/Local/Temp/alt6688_4200543864033390587.dir/0004_alt_xcvr_reconfig_0_gen/SIM_VERILOG/submodules/altera_reset_controller.v
Info: alt_xcvr_reconfig_0: add_fileset_file ./altera_reset_synchronizer.v VERILOG PATH C:/Users/a-jathon/AppData/Local/Temp/alt6688_4200543864033390587.dir/0004_alt_xcvr_reconfig_0_gen/SIM_VERILOG/submodules/altera_reset_synchronizer.v
Info: alt_xcvr_reconfig_0: add_fileset_file ./altera_reset_controller.sdc OTHER PATH C:/Users/a-jathon/AppData/Local/Temp/alt6688_4200543864033390587.dir/0004_alt_xcvr_reconfig_0_gen/SIM_VERILOG/submodules/altera_reset_controller.sdc
Info: alt_xcvr_reconfig_0: add_fileset_file ./altera_merlin_master_translator.sv SYSTEM_VERILOG PATH C:/Users/a-jathon/AppData/Local/Temp/alt6688_4200543864033390587.dir/0004_alt_xcvr_reconfig_0_gen/SIM_VERILOG/submodules/altera_merlin_master_translator.sv
Info: alt_xcvr_reconfig_0: add_fileset_file ./altera_merlin_slave_translator.sv SYSTEM_VERILOG PATH C:/Users/a-jathon/AppData/Local/Temp/alt6688_4200543864033390587.dir/0004_alt_xcvr_reconfig_0_gen/SIM_VERILOG/submodules/altera_merlin_slave_translator.sv
Info: alt_xcvr_reconfig_0: add_fileset_file ./altera_merlin_master_agent.sv SYSTEM_VERILOG PATH C:/Users/a-jathon/AppData/Local/Temp/alt6688_4200543864033390587.dir/0004_alt_xcvr_reconfig_0_gen/SIM_VERILOG/submodules/altera_merlin_master_agent.sv
Info: alt_xcvr_reconfig_0: add_fileset_file ./altera_merlin_slave_agent.sv SYSTEM_VERILOG PATH C:/Users/a-jathon/AppData/Local/Temp/alt6688_4200543864033390587.dir/0004_alt_xcvr_reconfig_0_gen/SIM_VERILOG/submodules/altera_merlin_slave_agent.sv
Info: alt_xcvr_reconfig_0: add_fileset_file ./altera_merlin_burst_uncompressor.sv SYSTEM_VERILOG PATH C:/Users/a-jathon/AppData/Local/Temp/alt6688_4200543864033390587.dir/0004_alt_xcvr_reconfig_0_gen/SIM_VERILOG/submodules/altera_merlin_burst_uncompressor.sv
Info: alt_xcvr_reconfig_0: add_fileset_file ./altera_avalon_sc_fifo.v VERILOG PATH C:/Users/a-jathon/AppData/Local/Temp/alt6688_4200543864033390587.dir/0004_alt_xcvr_reconfig_0_gen/SIM_VERILOG/submodules/altera_avalon_sc_fifo.v
Info: alt_xcvr_reconfig_0: add_fileset_file ./alt_xcvr_reconfig_cpu_mm_interconnect_0_router.sv SYSTEM_VERILOG PATH C:/Users/a-jathon/AppData/Local/Temp/alt6688_4200543864033390587.dir/0004_alt_xcvr_reconfig_0_gen/SIM_VERILOG/submodules/alt_xcvr_reconfig_cpu_mm_interconnect_0_router.sv
Info: alt_xcvr_reconfig_0: add_fileset_file ./alt_xcvr_reconfig_cpu_mm_interconnect_0_router_001.sv SYSTEM_VERILOG PATH C:/Users/a-jathon/AppData/Local/Temp/alt6688_4200543864033390587.dir/0004_alt_xcvr_reconfig_0_gen/SIM_VERILOG/submodules/alt_xcvr_reconfig_cpu_mm_interconnect_0_router_001.sv
Info: alt_xcvr_reconfig_0: add_fileset_file ./alt_xcvr_reconfig_cpu_mm_interconnect_0_router_002.sv SYSTEM_VERILOG PATH C:/Users/a-jathon/AppData/Local/Temp/alt6688_4200543864033390587.dir/0004_alt_xcvr_reconfig_0_gen/SIM_VERILOG/submodules/alt_xcvr_reconfig_cpu_mm_interconnect_0_router_002.sv
Info: alt_xcvr_reconfig_0: add_fileset_file ./alt_xcvr_reconfig_cpu_mm_interconnect_0_router_003.sv SYSTEM_VERILOG PATH C:/Users/a-jathon/AppData/Local/Temp/alt6688_4200543864033390587.dir/0004_alt_xcvr_reconfig_0_gen/SIM_VERILOG/submodules/alt_xcvr_reconfig_cpu_mm_interconnect_0_router_003.sv
Info: alt_xcvr_reconfig_0: add_fileset_file ./alt_xcvr_reconfig_cpu_mm_interconnect_0_cmd_demux.sv SYSTEM_VERILOG PATH C:/Users/a-jathon/AppData/Local/Temp/alt6688_4200543864033390587.dir/0004_alt_xcvr_reconfig_0_gen/SIM_VERILOG/submodules/alt_xcvr_reconfig_cpu_mm_interconnect_0_cmd_demux.sv
Info: alt_xcvr_reconfig_0: add_fileset_file ./alt_xcvr_reconfig_cpu_mm_interconnect_0_cmd_demux_001.sv SYSTEM_VERILOG PATH C:/Users/a-jathon/AppData/Local/Temp/alt6688_4200543864033390587.dir/0004_alt_xcvr_reconfig_0_gen/SIM_VERILOG/submodules/alt_xcvr_reconfig_cpu_mm_interconnect_0_cmd_demux_001.sv
Info: alt_xcvr_reconfig_0: add_fileset_file ./altera_merlin_arbitrator.sv SYSTEM_VERILOG PATH C:/Users/a-jathon/AppData/Local/Temp/alt6688_4200543864033390587.dir/0004_alt_xcvr_reconfig_0_gen/SIM_VERILOG/submodules/altera_merlin_arbitrator.sv
Info: alt_xcvr_reconfig_0: add_fileset_file ./alt_xcvr_reconfig_cpu_mm_interconnect_0_cmd_mux.sv SYSTEM_VERILOG PATH C:/Users/a-jathon/AppData/Local/Temp/alt6688_4200543864033390587.dir/0004_alt_xcvr_reconfig_0_gen/SIM_VERILOG/submodules/alt_xcvr_reconfig_cpu_mm_interconnect_0_cmd_mux.sv
Info: alt_xcvr_reconfig_0: add_fileset_file ./alt_xcvr_reconfig_cpu_mm_interconnect_0_cmd_mux_001.sv SYSTEM_VERILOG PATH C:/Users/a-jathon/AppData/Local/Temp/alt6688_4200543864033390587.dir/0004_alt_xcvr_reconfig_0_gen/SIM_VERILOG/submodules/alt_xcvr_reconfig_cpu_mm_interconnect_0_cmd_mux_001.sv
Info: alt_xcvr_reconfig_0: add_fileset_file ./alt_xcvr_reconfig_cpu_mm_interconnect_0_rsp_mux.sv SYSTEM_VERILOG PATH C:/Users/a-jathon/AppData/Local/Temp/alt6688_4200543864033390587.dir/0004_alt_xcvr_reconfig_0_gen/SIM_VERILOG/submodules/alt_xcvr_reconfig_cpu_mm_interconnect_0_rsp_mux.sv
Info: alt_xcvr_reconfig_0: add_fileset_file ./alt_xcvr_reconfig_cpu_mm_interconnect_0_rsp_mux_001.sv SYSTEM_VERILOG PATH C:/Users/a-jathon/AppData/Local/Temp/alt6688_4200543864033390587.dir/0004_alt_xcvr_reconfig_0_gen/SIM_VERILOG/submodules/alt_xcvr_reconfig_cpu_mm_interconnect_0_rsp_mux_001.sv
Info: alt_xcvr_reconfig_0: "pcie_de_gen3_x8_ast256" instantiated alt_xcvr_reconfig "alt_xcvr_reconfig_0"
Info: Reusing file D:/FastRankingSlim40gXcvrParam/Catapult/Hardware/Shells/Common/PCIeGen3 - Copy/pcie3_ttk_rcd/DUT_example_design/pcie_de_gen3_x8_ast256/simulation/submodules/altera_xcvr_functions.sv
Info: Reusing file D:/FastRankingSlim40gXcvrParam/Catapult/Hardware/Shells/Common/PCIeGen3 - Copy/pcie3_ttk_rcd/DUT_example_design/pcie_de_gen3_x8_ast256/simulation/submodules/sv_xcvr_h.sv
Info: Reusing file D:/FastRankingSlim40gXcvrParam/Catapult/Hardware/Shells/Common/PCIeGen3 - Copy/pcie3_ttk_rcd/DUT_example_design/pcie_de_gen3_x8_ast256/simulation/submodules/alt_xcvr_resync.sv
Info: Reusing file D:/FastRankingSlim40gXcvrParam/Catapult/Hardware/Shells/Common/PCIeGen3 - Copy/pcie3_ttk_rcd/DUT_example_design/pcie_de_gen3_x8_ast256/simulation/submodules/alt_xcvr_reconfig_h.sv
Warning: Overwriting different file D:/FastRankingSlim40gXcvrParam/Catapult/Hardware/Shells/Common/PCIeGen3 - Copy/pcie3_ttk_rcd/DUT_example_design/pcie_de_gen3_x8_ast256/simulation/submodules/plain_files.txt
Info: rst_controller: "pcie_de_gen3_x8_ast256" instantiated altera_reset_controller "rst_controller"
Info: Reusing file D:/FastRankingSlim40gXcvrParam/Catapult/Hardware/Shells/Common/PCIeGen3 - Copy/pcie3_ttk_rcd/DUT_example_design/pcie_de_gen3_x8_ast256/simulation/submodules/altera_reset_controller.v
Info: Reusing file D:/FastRankingSlim40gXcvrParam/Catapult/Hardware/Shells/Common/PCIeGen3 - Copy/pcie3_ttk_rcd/DUT_example_design/pcie_de_gen3_x8_ast256/simulation/submodules/altera_reset_synchronizer.v
Info: Reusing file D:/FastRankingSlim40gXcvrParam/Catapult/Hardware/Shells/Common/PCIeGen3 - Copy/pcie3_ttk_rcd/DUT_example_design/pcie_de_gen3_x8_ast256/simulation/submodules/altera_reset_controller.sdc
Info: pcie_de_gen3_x8_ast256: Done "pcie_de_gen3_x8_ast256" with 6 modules, 267 files
Info: ip-generate succeeded.
Info: Finished: Create simulation model
Info: Starting: Create Modelsim Project.
Info: sim-script-gen --spd="D:\FastRankingSlim40gXcvrParam\Catapult\Hardware\Shells\Common\PCIeGen3 - Copy\pcie3_ttk_rcd\DUT_example_design\pcie_de_gen3_x8_ast256\pcie_de_gen3_x8_ast256.spd" --output-directory="D:/FastRankingSlim40gXcvrParam/Catapult/Hardware/Shells/Common/PCIeGen3 - Copy/pcie3_ttk_rcd/DUT_example_design/pcie_de_gen3_x8_ast256/simulation/"
Info: Doing: ip-make-simscript --spd=D:\FastRankingSlim40gXcvrParam\Catapult\Hardware\Shells\Common\PCIeGen3 - Copy\pcie3_ttk_rcd\DUT_example_design\pcie_de_gen3_x8_ast256\pcie_de_gen3_x8_ast256.spd --output-directory=D:/FastRankingSlim40gXcvrParam/Catapult/Hardware/Shells/Common/PCIeGen3 - Copy/pcie3_ttk_rcd/DUT_example_design/pcie_de_gen3_x8_ast256/simulation/
Info: Generating the following file(s) for MODELSIM simulator in D:/FastRankingSlim40gXcvrParam/Catapult/Hardware/Shells/Common/PCIeGen3 - Copy/pcie3_ttk_rcd/DUT_example_design/pcie_de_gen3_x8_ast256/simulation/ directory:
Info: 	mentor/msim_setup.tcl
Info: Generating the following file(s) for VCS simulator in D:/FastRankingSlim40gXcvrParam/Catapult/Hardware/Shells/Common/PCIeGen3 - Copy/pcie3_ttk_rcd/DUT_example_design/pcie_de_gen3_x8_ast256/simulation/ directory:
Info: 	synopsys/vcs/vcs_setup.sh
Info: Generating the following file(s) for VCSMX simulator in D:/FastRankingSlim40gXcvrParam/Catapult/Hardware/Shells/Common/PCIeGen3 - Copy/pcie3_ttk_rcd/DUT_example_design/pcie_de_gen3_x8_ast256/simulation/ directory:
Info: 	synopsys/vcsmx/synopsys_sim.setup
Info: 	synopsys/vcsmx/vcsmx_setup.sh
Info: Generating the following file(s) for NCSIM simulator in D:/FastRankingSlim40gXcvrParam/Catapult/Hardware/Shells/Common/PCIeGen3 - Copy/pcie3_ttk_rcd/DUT_example_design/pcie_de_gen3_x8_ast256/simulation/ directory:
Info: 	cadence/cds.lib
Info: 	cadence/hdl.var
Info: 	cadence/ncsim_setup.sh
Info: 	5 .cds.lib files in cadence/cds_libs/ directory
Info: Generating the following file(s) for RIVIERA simulator in D:/FastRankingSlim40gXcvrParam/Catapult/Hardware/Shells/Common/PCIeGen3 - Copy/pcie3_ttk_rcd/DUT_example_design/pcie_de_gen3_x8_ast256/simulation/ directory:
Info: 	aldec/rivierapro_setup.tcl
Info: Finished: Create Modelsim Project.
Info: Starting: Create block symbol file (.bsf)
Info: ip-generate --project-directory="D:\FastRankingSlim40gXcvrParam\Catapult\Hardware\Shells\Common\PCIeGen3 - Copy\pcie3_ttk_rcd\DUT_example_design" --output-directory="D:\FastRankingSlim40gXcvrParam\Catapult\Hardware\Shells\Common\PCIeGen3 - Copy\pcie3_ttk_rcd\DUT_example_design\pcie_de_gen3_x8_ast256" --report-file="bsf:D:\FastRankingSlim40gXcvrParam\Catapult\Hardware\Shells\Common\PCIeGen3 - Copy\pcie3_ttk_rcd\DUT_example_design\pcie_de_gen3_x8_ast256\pcie_de_gen3_x8_ast256.bsf" --system-info=DEVICE_FAMILY="Stratix V" --system-info=DEVICE=Unknown --system-info=DEVICE_SPEEDGRADE=Unknown --component-file="D:\FastRankingSlim40gXcvrParam\Catapult\Hardware\Shells\Common\PCIeGen3 - Copy\pcie3_ttk_rcd\DUT_example_design\pcie_de_gen3_x8_ast256.qsys"
Progress: Loading DUT_example_design/pcie_de_gen3_x8_ast256.qsys
Progress: Reading input file
Progress: Adding DUT [altera_pcie_sv_hip_ast 14.0.2]
Progress: Parameterizing module DUT
Progress: Adding APPS [altera_pcie_hip_ast_ed 14.0]
Progress: Parameterizing module APPS
Progress: Adding pcie_reconfig_driver_0 [altera_pcie_reconfig_driver 14.0]
Progress: Parameterizing module pcie_reconfig_driver_0
Progress: Adding alt_xcvr_reconfig_0 [alt_xcvr_reconfig 14.0.2]
Progress: Parameterizing module alt_xcvr_reconfig_0
Progress: Adding clk_0 [clock_source 14.0]
Progress: Parameterizing module clk_0
Progress: Building connections
Progress: Parameterizing connections
Progress: Validating
Progress: Done reading input file
Info: pcie_de_gen3_x8_ast256.DUT: Family: Stratix V
Info: pcie_de_gen3_x8_ast256.DUT: Stratix V Hard IP for PCI Express v14.0
Info: pcie_de_gen3_x8_ast256.DUT: The application clock frequency (pld_clk) is 250 Mhz
Info: pcie_de_gen3_x8_ast256.DUT: 11 reconfiguration interfaces are required for connection to the external reconfiguration controller and the reconfig driver
Info: pcie_de_gen3_x8_ast256.DUT: Credit allocation in the 16 KBytes receive buffer:
Info: pcie_de_gen3_x8_ast256.DUT: Posted    : header=16  data=16
Info: pcie_de_gen3_x8_ast256.DUT: Non posted: header=16  data=0
Info: pcie_de_gen3_x8_ast256.DUT: Completion: header=195 data=781
Info: pcie_de_gen3_x8_ast256.DUT: When using VendorID:0x1172 and DeviceID:0xE001 the generated testbench driver will run a simulation which includes link training, configuration and target
Warning: pcie_de_gen3_x8_ast256.DUT.rx_st: The empty signal width should be 1 bits.  
Warning: pcie_de_gen3_x8_ast256.DUT.rx_st: Interface must have an associated reset
Warning: pcie_de_gen3_x8_ast256.DUT.tx_st: The empty signal width should be 1 bits.  
Warning: pcie_de_gen3_x8_ast256.DUT.tx_st: Interface must have an associated reset
Warning: pcie_de_gen3_x8_ast256.APPS.rx_st: The empty signal width should be 1 bits.  
Warning: pcie_de_gen3_x8_ast256.APPS.rx_st: Interface must have an associated reset
Warning: pcie_de_gen3_x8_ast256.APPS.tx_st: The empty signal width should be 1 bits.  
Warning: pcie_de_gen3_x8_ast256.APPS.tx_st: Interface must have an associated reset
Info: pcie_de_gen3_x8_ast256.alt_xcvr_reconfig_0: reconfig_from_xcvr port width is 11*46 bits
Info: pcie_de_gen3_x8_ast256.alt_xcvr_reconfig_0: reconfig_to_xcvr port width is 11*70 bits
Warning: pcie_de_gen3_x8_ast256.APPS.pld_clk_hip/DUT.pld_clk: DUT.pld_clk requires 250000000Hz, but source has frequency of 125000000Hz
Warning: pcie_de_gen3_x8_ast256.DUT.rx_st: DUT.rx_st does not have an associated reset
Warning: pcie_de_gen3_x8_ast256.DUT.tx_st: DUT.tx_st does not have an associated reset
Warning: pcie_de_gen3_x8_ast256.APPS.rx_st: APPS.rx_st does not have an associated reset
Warning: pcie_de_gen3_x8_ast256.APPS.tx_st: APPS.tx_st does not have an associated reset
Info: ip-generate succeeded.
Info: Finished: Create block symbol file (.bsf)
Info: 
Info: Starting: Create HDL design files for synthesis
Info: ip-generate --project-directory="D:\FastRankingSlim40gXcvrParam\Catapult\Hardware\Shells\Common\PCIeGen3 - Copy\pcie3_ttk_rcd\DUT_example_design" --output-directory="D:\FastRankingSlim40gXcvrParam\Catapult\Hardware\Shells\Common\PCIeGen3 - Copy\pcie3_ttk_rcd\DUT_example_design\pcie_de_gen3_x8_ast256\synthesis" --file-set=QUARTUS_SYNTH --report-file="html:D:\FastRankingSlim40gXcvrParam\Catapult\Hardware\Shells\Common\PCIeGen3 - Copy\pcie3_ttk_rcd\DUT_example_design\pcie_de_gen3_x8_ast256\pcie_de_gen3_x8_ast256.html" --report-file="sopcinfo:D:\FastRankingSlim40gXcvrParam\Catapult\Hardware\Shells\Common\PCIeGen3 - Copy\pcie3_ttk_rcd\DUT_example_design\pcie_de_gen3_x8_ast256.sopcinfo" --report-file="cmp:D:\FastRankingSlim40gXcvrParam\Catapult\Hardware\Shells\Common\PCIeGen3 - Copy\pcie3_ttk_rcd\DUT_example_design\pcie_de_gen3_x8_ast256\pcie_de_gen3_x8_ast256.cmp" --report-file="qip:D:\FastRankingSlim40gXcvrParam\Catapult\Hardware\Shells\Common\PCIeGen3 - Copy\pcie3_ttk_rcd\DUT_example_design\pcie_de_gen3_x8_ast256\synthesis\pcie_de_gen3_x8_ast256.qip" --report-file="svd:D:\FastRankingSlim40gXcvrParam\Catapult\Hardware\Shells\Common\PCIeGen3 - Copy\pcie3_ttk_rcd\DUT_example_design\pcie_de_gen3_x8_ast256\synthesis\pcie_de_gen3_x8_ast256.svd" --report-file="regmap:D:\FastRankingSlim40gXcvrParam\Catapult\Hardware\Shells\Common\PCIeGen3 - Copy\pcie3_ttk_rcd\DUT_example_design\pcie_de_gen3_x8_ast256\synthesis\pcie_de_gen3_x8_ast256.regmap" --report-file="xml:D:\FastRankingSlim40gXcvrParam\Catapult\Hardware\Shells\Common\PCIeGen3 - Copy\pcie3_ttk_rcd\DUT_example_design\pcie_de_gen3_x8_ast256\pcie_de_gen3_x8_ast256.xml" --report-file="debuginfo:D:\FastRankingSlim40gXcvrParam\Catapult\Hardware\Shells\Common\PCIeGen3 - Copy\pcie3_ttk_rcd\DUT_example_design\pcie_de_gen3_x8_ast256\synthesis\pcie_de_gen3_x8_ast256.debuginfo" --system-info=DEVICE_FAMILY="Stratix V" --system-info=DEVICE=Unknown --system-info=DEVICE_SPEEDGRADE=Unknown --component-file="D:\FastRankingSlim40gXcvrParam\Catapult\Hardware\Shells\Common\PCIeGen3 - Copy\pcie3_ttk_rcd\DUT_example_design\pcie_de_gen3_x8_ast256.qsys" --language=VERILOG
Progress: Loading DUT_example_design/pcie_de_gen3_x8_ast256.qsys
Progress: Reading input file
Progress: Adding DUT [altera_pcie_sv_hip_ast 14.0.2]
Progress: Parameterizing module DUT
Progress: Adding APPS [altera_pcie_hip_ast_ed 14.0]
Progress: Parameterizing module APPS
Progress: Adding pcie_reconfig_driver_0 [altera_pcie_reconfig_driver 14.0]
Progress: Parameterizing module pcie_reconfig_driver_0
Progress: Adding alt_xcvr_reconfig_0 [alt_xcvr_reconfig 14.0.2]
Progress: Parameterizing module alt_xcvr_reconfig_0
Progress: Adding clk_0 [clock_source 14.0]
Progress: Parameterizing module clk_0
Progress: Building connections
Progress: Parameterizing connections
Progress: Validating
Progress: Done reading input file
Info: pcie_de_gen3_x8_ast256.DUT: Family: Stratix V
Info: pcie_de_gen3_x8_ast256.DUT: Stratix V Hard IP for PCI Express v14.0
Info: pcie_de_gen3_x8_ast256.DUT: The application clock frequency (pld_clk) is 250 Mhz
Info: pcie_de_gen3_x8_ast256.DUT: 11 reconfiguration interfaces are required for connection to the external reconfiguration controller and the reconfig driver
Info: pcie_de_gen3_x8_ast256.DUT: Credit allocation in the 16 KBytes receive buffer:
Info: pcie_de_gen3_x8_ast256.DUT: Posted    : header=16  data=16
Info: pcie_de_gen3_x8_ast256.DUT: Non posted: header=16  data=0
Info: pcie_de_gen3_x8_ast256.DUT: Completion: header=195 data=781
Info: pcie_de_gen3_x8_ast256.DUT: When using VendorID:0x1172 and DeviceID:0xE001 the generated testbench driver will run a simulation which includes link training, configuration and target
Warning: pcie_de_gen3_x8_ast256.DUT.rx_st: The empty signal width should be 1 bits.  
Warning: pcie_de_gen3_x8_ast256.DUT.rx_st: Interface must have an associated reset
Warning: pcie_de_gen3_x8_ast256.DUT.tx_st: The empty signal width should be 1 bits.  
Warning: pcie_de_gen3_x8_ast256.DUT.tx_st: Interface must have an associated reset
Warning: pcie_de_gen3_x8_ast256.APPS.rx_st: The empty signal width should be 1 bits.  
Warning: pcie_de_gen3_x8_ast256.APPS.rx_st: Interface must have an associated reset
Warning: pcie_de_gen3_x8_ast256.APPS.tx_st: The empty signal width should be 1 bits.  
Warning: pcie_de_gen3_x8_ast256.APPS.tx_st: Interface must have an associated reset
Info: pcie_de_gen3_x8_ast256.alt_xcvr_reconfig_0: reconfig_from_xcvr port width is 11*46 bits
Info: pcie_de_gen3_x8_ast256.alt_xcvr_reconfig_0: reconfig_to_xcvr port width is 11*70 bits
Warning: pcie_de_gen3_x8_ast256.APPS.pld_clk_hip/DUT.pld_clk: DUT.pld_clk requires 250000000Hz, but source has frequency of 125000000Hz
Warning: pcie_de_gen3_x8_ast256.DUT.rx_st: DUT.rx_st does not have an associated reset
Warning: pcie_de_gen3_x8_ast256.DUT.tx_st: DUT.tx_st does not have an associated reset
Warning: pcie_de_gen3_x8_ast256.APPS.rx_st: APPS.rx_st does not have an associated reset
Warning: pcie_de_gen3_x8_ast256.APPS.tx_st: APPS.tx_st does not have an associated reset
Info: pcie_de_gen3_x8_ast256: Generating pcie_de_gen3_x8_ast256 "pcie_de_gen3_x8_ast256" for QUARTUS_SYNTH
Info: DUT: add_fileset_file ./altera_xcvr_functions.sv SYSTEM_VERILOG PATH ../../altera_xcvr_generic/altera_xcvr_functions.sv
Info: DUT: add_fileset_file ./sv_pcs.sv SYSTEM_VERILOG PATH ../../altera_xcvr_generic/sv/sv_pcs.sv
Info: DUT: add_fileset_file ./sv_pcs_ch.sv SYSTEM_VERILOG PATH ../../altera_xcvr_generic/sv/sv_pcs_ch.sv
Info: DUT: add_fileset_file ./sv_pma.sv SYSTEM_VERILOG PATH ../../altera_xcvr_generic/sv/sv_pma.sv
Info: DUT: add_fileset_file ./sv_reconfig_bundle_to_xcvr.sv SYSTEM_VERILOG PATH ../../altera_xcvr_generic/sv/sv_reconfig_bundle_to_xcvr.sv
Info: DUT: add_fileset_file ./sv_reconfig_bundle_to_ip.sv SYSTEM_VERILOG PATH ../../altera_xcvr_generic/sv/sv_reconfig_bundle_to_ip.sv
Info: DUT: add_fileset_file ./sv_reconfig_bundle_merger.sv SYSTEM_VERILOG PATH ../../altera_xcvr_generic/sv/sv_reconfig_bundle_merger.sv
Info: DUT: add_fileset_file ./sv_rx_pma.sv SYSTEM_VERILOG PATH ../../altera_xcvr_generic/sv/sv_rx_pma.sv
Info: DUT: add_fileset_file ./sv_tx_pma.sv SYSTEM_VERILOG PATH ../../altera_xcvr_generic/sv/sv_tx_pma.sv
Info: DUT: add_fileset_file ./sv_tx_pma_ch.sv SYSTEM_VERILOG PATH ../../altera_xcvr_generic/sv/sv_tx_pma_ch.sv
Info: DUT: add_fileset_file ./sv_xcvr_h.sv SYSTEM_VERILOG PATH ../../altera_xcvr_generic/sv/sv_xcvr_h.sv
Info: DUT: add_fileset_file ./sv_xcvr_avmm_csr.sv SYSTEM_VERILOG PATH ../../altera_xcvr_generic/sv/sv_xcvr_avmm_csr.sv
Info: DUT: add_fileset_file ./sv_xcvr_avmm_dcd.sv SYSTEM_VERILOG PATH ../../altera_xcvr_generic/sv/sv_xcvr_avmm_dcd.sv
Info: DUT: add_fileset_file ./sv_xcvr_avmm.sv SYSTEM_VERILOG PATH ../../altera_xcvr_generic/sv/sv_xcvr_avmm.sv
Info: DUT: add_fileset_file ./sv_xcvr_data_adapter.sv SYSTEM_VERILOG PATH ../../altera_xcvr_generic/sv/sv_xcvr_data_adapter.sv
Info: DUT: add_fileset_file ./sv_xcvr_native.sv SYSTEM_VERILOG PATH ../../altera_xcvr_generic/sv/sv_xcvr_native.sv
Info: DUT: add_fileset_file ./sv_xcvr_plls.sv SYSTEM_VERILOG PATH ../../altera_xcvr_generic/sv/sv_xcvr_plls.sv
Info: DUT: add_fileset_file ./alt_xcvr_resync.sv SYSTEM_VERILOG PATH ../../altera_xcvr_generic/ctrl/alt_xcvr_resync.sv
Info: DUT: add_fileset_file ./sv_hssi_10g_rx_pcs_rbc.sv SYSTEM_VERILOG PATH ../../altera_xcvr_generic/sv/rbc/sv_hssi_10g_rx_pcs_rbc.sv
Info: DUT: add_fileset_file ./sv_hssi_10g_tx_pcs_rbc.sv SYSTEM_VERILOG PATH ../../altera_xcvr_generic/sv/rbc/sv_hssi_10g_tx_pcs_rbc.sv
Info: DUT: add_fileset_file ./sv_hssi_8g_rx_pcs_rbc.sv SYSTEM_VERILOG PATH ../../altera_xcvr_generic/sv/rbc/sv_hssi_8g_rx_pcs_rbc.sv
Info: DUT: add_fileset_file ./sv_hssi_8g_tx_pcs_rbc.sv SYSTEM_VERILOG PATH ../../altera_xcvr_generic/sv/rbc/sv_hssi_8g_tx_pcs_rbc.sv
Info: DUT: add_fileset_file ./sv_hssi_8g_pcs_aggregate_rbc.sv SYSTEM_VERILOG PATH ../../altera_xcvr_generic/sv/rbc/sv_hssi_8g_pcs_aggregate_rbc.sv
Info: DUT: add_fileset_file ./sv_hssi_common_pcs_pma_interface_rbc.sv SYSTEM_VERILOG PATH ../../altera_xcvr_generic/sv/rbc/sv_hssi_common_pcs_pma_interface_rbc.sv
Info: DUT: add_fileset_file ./sv_hssi_common_pld_pcs_interface_rbc.sv SYSTEM_VERILOG PATH ../../altera_xcvr_generic/sv/rbc/sv_hssi_common_pld_pcs_interface_rbc.sv
Info: DUT: add_fileset_file ./sv_hssi_pipe_gen1_2_rbc.sv SYSTEM_VERILOG PATH ../../altera_xcvr_generic/sv/rbc/sv_hssi_pipe_gen1_2_rbc.sv
Info: DUT: add_fileset_file ./sv_hssi_pipe_gen3_rbc.sv SYSTEM_VERILOG PATH ../../altera_xcvr_generic/sv/rbc/sv_hssi_pipe_gen3_rbc.sv
Info: DUT: add_fileset_file ./sv_hssi_rx_pcs_pma_interface_rbc.sv SYSTEM_VERILOG PATH ../../altera_xcvr_generic/sv/rbc/sv_hssi_rx_pcs_pma_interface_rbc.sv
Info: DUT: add_fileset_file ./sv_hssi_rx_pld_pcs_interface_rbc.sv SYSTEM_VERILOG PATH ../../altera_xcvr_generic/sv/rbc/sv_hssi_rx_pld_pcs_interface_rbc.sv
Info: DUT: add_fileset_file ./sv_hssi_tx_pcs_pma_interface_rbc.sv SYSTEM_VERILOG PATH ../../altera_xcvr_generic/sv/rbc/sv_hssi_tx_pcs_pma_interface_rbc.sv
Info: DUT: add_fileset_file ./sv_hssi_tx_pld_pcs_interface_rbc.sv SYSTEM_VERILOG PATH ../../altera_xcvr_generic/sv/rbc/sv_hssi_tx_pld_pcs_interface_rbc.sv
Info: DUT: add_fileset_file ./sv_xcvr_emsip_adapter.sv SYSTEM_VERILOG PATH ../../altera_pcie_pipe/sv/sv_xcvr_emsip_adapter.sv
Info: DUT: add_fileset_file ./sv_xcvr_pipe_native.sv SYSTEM_VERILOG PATH ../../altera_pcie_pipe/sv/sv_xcvr_pipe_native.sv
Info: DUT: "pcie_de_gen3_x8_ast256" instantiated altera_pcie_sv_hip_ast "DUT"
Info: APPS: "pcie_de_gen3_x8_ast256" instantiated altera_pcie_hip_ast_ed "APPS"
Info: pcie_reconfig_driver_0: "pcie_de_gen3_x8_ast256" instantiated altera_pcie_reconfig_driver "pcie_reconfig_driver_0"
Info: alt_xcvr_reconfig_0: add_fileset_file ./altera_xcvr_functions.sv SYSTEM_VERILOG PATH ../../altera_xcvr_generic/altera_xcvr_functions.sv
Info: alt_xcvr_reconfig_0: add_fileset_file ./sv_xcvr_h.sv SYSTEM_VERILOG PATH ../../altera_xcvr_generic/sv/sv_xcvr_h.sv
Info: alt_xcvr_reconfig_0: add_fileset_file ./alt_xcvr_resync.sv SYSTEM_VERILOG PATH ../../altera_xcvr_generic/ctrl/alt_xcvr_resync.sv
Info: alt_xcvr_reconfig_0: add_fileset_file ./alt_xcvr_reconfig_h.sv SYSTEM_VERILOG PATH .//alt_xcvr_reconfig_h.sv
Info: alt_xcvr_reconfig_0: add_fileset_file ./sv_xcvr_dfe_cal_sweep_h.sv SYSTEM_VERILOG PATH ../alt_xcvr_reconfig_dfe/sv_xcvr_dfe_cal_sweep_h.sv
Info: alt_xcvr_reconfig_0: add_fileset_file ./alt_xcvr_reconfig.sv SYSTEM_VERILOG PATH .//alt_xcvr_reconfig.sv
Info: alt_xcvr_reconfig_0: add_fileset_file ./alt_xcvr_reconfig_sv.sv SYSTEM_VERILOG PATH .//alt_xcvr_reconfig_sv.sv
Info: alt_xcvr_reconfig_0: add_fileset_file ./alt_xcvr_reconfig_cal_seq.sv SYSTEM_VERILOG PATH .//alt_xcvr_reconfig_cal_seq.sv
Info: alt_xcvr_reconfig_0: add_fileset_file ./alt_xreconf_cif.sv SYSTEM_VERILOG PATH .//alt_xreconf_cif.sv
Info: alt_xcvr_reconfig_0: add_fileset_file ./alt_xreconf_uif.sv SYSTEM_VERILOG PATH .//alt_xreconf_uif.sv
Info: alt_xcvr_reconfig_0: add_fileset_file ./alt_xreconf_basic_acq.sv SYSTEM_VERILOG PATH .//alt_xreconf_basic_acq.sv
Info: alt_xcvr_reconfig_0: add_fileset_file ./alt_xcvr_reconfig_analog.sv SYSTEM_VERILOG PATH ../alt_xcvr_reconfig_analog/alt_xcvr_reconfig_analog.sv
Info: alt_xcvr_reconfig_0: add_fileset_file ./alt_xcvr_reconfig_analog_sv.sv SYSTEM_VERILOG PATH ../alt_xcvr_reconfig_analog/alt_xcvr_reconfig_analog_sv.sv
Info: alt_xcvr_reconfig_0: add_fileset_file ./alt_xreconf_analog_datactrl.sv SYSTEM_VERILOG PATH ../alt_xcvr_reconfig_analog/alt_xreconf_analog_datactrl.sv
Info: alt_xcvr_reconfig_0: add_fileset_file ./alt_xreconf_analog_rmw.sv SYSTEM_VERILOG PATH ../alt_xcvr_reconfig_analog/alt_xreconf_analog_rmw.sv
Info: alt_xcvr_reconfig_0: add_fileset_file ./alt_xreconf_analog_ctrlsm.sv SYSTEM_VERILOG PATH ../alt_xcvr_reconfig_analog/alt_xreconf_analog_ctrlsm.sv
Info: alt_xcvr_reconfig_0: add_fileset_file ./alt_xcvr_reconfig_offset_cancellation.sv SYSTEM_VERILOG PATH ../alt_xcvr_reconfig_offset_cancellation/alt_xcvr_reconfig_offset_cancellation.sv
Info: alt_xcvr_reconfig_0: add_fileset_file ./alt_xcvr_reconfig_offset_cancellation_sv.sv SYSTEM_VERILOG PATH ../alt_xcvr_reconfig_offset_cancellation/alt_xcvr_reconfig_offset_cancellation_sv.sv
Info: alt_xcvr_reconfig_0: add_fileset_file ./alt_xcvr_reconfig_eyemon.sv SYSTEM_VERILOG PATH ../alt_xcvr_reconfig_eyemon/alt_xcvr_reconfig_eyemon.sv
Info: alt_xcvr_reconfig_0: add_fileset_file ./alt_xcvr_reconfig_eyemon_sv.sv SYSTEM_VERILOG PATH ../alt_xcvr_reconfig_eyemon/alt_xcvr_reconfig_eyemon_sv.sv
Info: alt_xcvr_reconfig_0: add_fileset_file ./alt_xcvr_reconfig_eyemon_ctrl_sv.sv SYSTEM_VERILOG PATH ../alt_xcvr_reconfig_eyemon/alt_xcvr_reconfig_eyemon_ctrl_sv.sv
Info: alt_xcvr_reconfig_0: add_fileset_file ./alt_xcvr_reconfig_eyemon_ber_sv.sv SYSTEM_VERILOG PATH ../alt_xcvr_reconfig_eyemon/alt_xcvr_reconfig_eyemon_ber_sv.sv
Info: alt_xcvr_reconfig_0: add_fileset_file ./ber_reader_dcfifo.v VERILOG PATH ../alt_xcvr_reconfig_eyemon/ber_reader_dcfifo.v
Info: alt_xcvr_reconfig_0: add_fileset_file ./step_to_mon_sv.sv SYSTEM_VERILOG PATH ../alt_xcvr_reconfig_eyemon/step_to_mon_sv.sv
Info: alt_xcvr_reconfig_0: add_fileset_file ./mon_to_step_sv.sv SYSTEM_VERILOG PATH ../alt_xcvr_reconfig_eyemon/mon_to_step_sv.sv
Info: alt_xcvr_reconfig_0: add_fileset_file ./alt_xcvr_reconfig_dfe.sv SYSTEM_VERILOG PATH ../alt_xcvr_reconfig_dfe/alt_xcvr_reconfig_dfe.sv
Info: alt_xcvr_reconfig_0: add_fileset_file ./alt_xcvr_reconfig_dfe_sv.sv SYSTEM_VERILOG PATH ../alt_xcvr_reconfig_dfe/alt_xcvr_reconfig_dfe_sv.sv
Info: alt_xcvr_reconfig_0: add_fileset_file ./alt_xcvr_reconfig_dfe_reg_sv.sv SYSTEM_VERILOG PATH ../alt_xcvr_reconfig_dfe/alt_xcvr_reconfig_dfe_reg_sv.sv
Info: alt_xcvr_reconfig_0: add_fileset_file ./alt_xcvr_reconfig_dfe_cal_sv.sv SYSTEM_VERILOG PATH ../alt_xcvr_reconfig_dfe/alt_xcvr_reconfig_dfe_cal_sv.sv
Info: alt_xcvr_reconfig_0: add_fileset_file ./alt_xcvr_reconfig_dfe_cal_sweep_sv.sv SYSTEM_VERILOG PATH ../alt_xcvr_reconfig_dfe/alt_xcvr_reconfig_dfe_cal_sweep_sv.sv
Info: alt_xcvr_reconfig_0: add_fileset_file ./alt_xcvr_reconfig_dfe_cal_sweep_datapath_sv.sv SYSTEM_VERILOG PATH ../alt_xcvr_reconfig_dfe/alt_xcvr_reconfig_dfe_cal_sweep_datapath_sv.sv
Info: alt_xcvr_reconfig_0: add_fileset_file ./alt_xcvr_reconfig_dfe_oc_cal_sv.sv SYSTEM_VERILOG PATH ../alt_xcvr_reconfig_dfe/alt_xcvr_reconfig_dfe_oc_cal_sv.sv
Info: alt_xcvr_reconfig_0: add_fileset_file ./alt_xcvr_reconfig_dfe_pi_phase_sv.sv SYSTEM_VERILOG PATH ../alt_xcvr_reconfig_dfe/alt_xcvr_reconfig_dfe_pi_phase_sv.sv
Info: alt_xcvr_reconfig_0: add_fileset_file ./alt_xcvr_reconfig_dfe_step_to_mon_en_sv.sv SYSTEM_VERILOG PATH ../alt_xcvr_reconfig_dfe/alt_xcvr_reconfig_dfe_step_to_mon_en_sv.sv
Info: alt_xcvr_reconfig_0: add_fileset_file ./alt_xcvr_reconfig_dfe_adapt_tap_sv.sv SYSTEM_VERILOG PATH ../alt_xcvr_reconfig_dfe/alt_xcvr_reconfig_dfe_adapt_tap_sv.sv
Info: alt_xcvr_reconfig_0: add_fileset_file ./alt_xcvr_reconfig_dfe_ctrl_mux_sv.sv SYSTEM_VERILOG PATH ../alt_xcvr_reconfig_dfe/alt_xcvr_reconfig_dfe_ctrl_mux_sv.sv
Info: alt_xcvr_reconfig_0: add_fileset_file ./alt_xcvr_reconfig_dfe_local_reset_sv.sv SYSTEM_VERILOG PATH ../alt_xcvr_reconfig_dfe/alt_xcvr_reconfig_dfe_local_reset_sv.sv
Info: alt_xcvr_reconfig_0: add_fileset_file ./alt_xcvr_reconfig_dfe_cal_sim_sv.sv SYSTEM_VERILOG PATH ../alt_xcvr_reconfig_dfe/alt_xcvr_reconfig_dfe_cal_sim_sv.sv
Info: alt_xcvr_reconfig_0: add_fileset_file ./alt_xcvr_reconfig_dfe_adapt_tap_sim_sv.sv SYSTEM_VERILOG PATH ../alt_xcvr_reconfig_dfe/alt_xcvr_reconfig_dfe_adapt_tap_sim_sv.sv
Info: alt_xcvr_reconfig_0: add_fileset_file ./alt_xcvr_reconfig_adce.sv SYSTEM_VERILOG PATH ../alt_xcvr_reconfig_adce/alt_xcvr_reconfig_adce.sv
Info: alt_xcvr_reconfig_0: add_fileset_file ./alt_xcvr_reconfig_adce_sv.sv SYSTEM_VERILOG PATH ../alt_xcvr_reconfig_adce/alt_xcvr_reconfig_adce_sv.sv
Info: alt_xcvr_reconfig_0: add_fileset_file ./alt_xcvr_reconfig_adce_datactrl_sv.sv SYSTEM_VERILOG PATH ../alt_xcvr_reconfig_adce/alt_xcvr_reconfig_adce_datactrl_sv.sv
Info: alt_xcvr_reconfig_0: add_fileset_file ./alt_xcvr_reconfig_dcd.sv SYSTEM_VERILOG PATH ../alt_xcvr_reconfig_dcd/alt_xcvr_reconfig_dcd.sv
Info: alt_xcvr_reconfig_0: add_fileset_file ./alt_xcvr_reconfig_dcd_sv.sv SYSTEM_VERILOG PATH ../alt_xcvr_reconfig_dcd/alt_xcvr_reconfig_dcd_sv.sv
Info: alt_xcvr_reconfig_0: add_fileset_file ./alt_xcvr_reconfig_dcd_cal.sv SYSTEM_VERILOG PATH ../alt_xcvr_reconfig_dcd/alt_xcvr_reconfig_dcd_cal.sv
Info: alt_xcvr_reconfig_0: add_fileset_file ./alt_xcvr_reconfig_dcd_control.sv SYSTEM_VERILOG PATH ../alt_xcvr_reconfig_dcd/alt_xcvr_reconfig_dcd_control.sv
Info: alt_xcvr_reconfig_0: add_fileset_file ./alt_xcvr_reconfig_dcd_datapath.sv SYSTEM_VERILOG PATH ../alt_xcvr_reconfig_dcd/alt_xcvr_reconfig_dcd_datapath.sv
Info: alt_xcvr_reconfig_0: add_fileset_file ./alt_xcvr_reconfig_dcd_pll_reset.sv SYSTEM_VERILOG PATH ../alt_xcvr_reconfig_dcd/alt_xcvr_reconfig_dcd_pll_reset.sv
Info: alt_xcvr_reconfig_0: add_fileset_file ./alt_xcvr_reconfig_dcd_eye_width.sv SYSTEM_VERILOG PATH ../alt_xcvr_reconfig_dcd/alt_xcvr_reconfig_dcd_eye_width.sv
Info: alt_xcvr_reconfig_0: add_fileset_file ./alt_xcvr_reconfig_dcd_align_clk.sv SYSTEM_VERILOG PATH ../alt_xcvr_reconfig_dcd/alt_xcvr_reconfig_dcd_align_clk.sv
Info: alt_xcvr_reconfig_0: add_fileset_file ./alt_xcvr_reconfig_dcd_get_sum.sv SYSTEM_VERILOG PATH ../alt_xcvr_reconfig_dcd/alt_xcvr_reconfig_dcd_get_sum.sv
Info: alt_xcvr_reconfig_0: add_fileset_file ./alt_xcvr_reconfig_dcd_cal_sim_model.sv SYSTEM_VERILOG PATH ../alt_xcvr_reconfig_dcd/alt_xcvr_reconfig_dcd_cal_sim_model.sv
Info: alt_xcvr_reconfig_0: add_fileset_file ./alt_xcvr_reconfig_mif.sv SYSTEM_VERILOG PATH ../alt_xcvr_reconfig_mif/alt_xcvr_reconfig_mif.sv
Info: alt_xcvr_reconfig_0: add_fileset_file ./sv_xcvr_reconfig_mif.sv SYSTEM_VERILOG PATH ../alt_xcvr_reconfig_mif/sv_xcvr_reconfig_mif.sv
Info: alt_xcvr_reconfig_0: add_fileset_file ./sv_xcvr_reconfig_mif_ctrl.sv SYSTEM_VERILOG PATH ../alt_xcvr_reconfig_mif/sv_xcvr_reconfig_mif_ctrl.sv
Info: alt_xcvr_reconfig_0: add_fileset_file ./sv_xcvr_reconfig_mif_avmm.sv SYSTEM_VERILOG PATH ../alt_xcvr_reconfig_mif/sv_xcvr_reconfig_mif_avmm.sv
Info: alt_xcvr_reconfig_0: add_fileset_file ./alt_xcvr_reconfig_pll.sv SYSTEM_VERILOG PATH ../alt_xcvr_reconfig_pll/alt_xcvr_reconfig_pll.sv
Info: alt_xcvr_reconfig_0: add_fileset_file ./sv_xcvr_reconfig_pll.sv SYSTEM_VERILOG PATH ../alt_xcvr_reconfig_pll/sv_xcvr_reconfig_pll.sv
Info: alt_xcvr_reconfig_0: add_fileset_file ./sv_xcvr_reconfig_pll_ctrl.sv SYSTEM_VERILOG PATH ../alt_xcvr_reconfig_pll/sv_xcvr_reconfig_pll_ctrl.sv
Info: alt_xcvr_reconfig_0: add_fileset_file ./alt_xcvr_reconfig_soc.sv SYSTEM_VERILOG PATH ../alt_xcvr_reconfig_soc/alt_xcvr_reconfig_soc.sv
Info: alt_xcvr_reconfig_0: add_fileset_file ./alt_xcvr_reconfig_cpu_ram.sv SYSTEM_VERILOG PATH ../alt_xcvr_reconfig_soc/alt_xcvr_reconfig_cpu_ram.sv
Info: alt_xcvr_reconfig_0: add_fileset_file ./alt_xcvr_reconfig_cpu_ram.hex OTHER PATH ../alt_xcvr_reconfig_soc/software/alt_xcvr_reconfig/mem_init/alt_xcvr_reconfig_cpu_ram.hex
Info: alt_xcvr_reconfig_0: add_fileset_file ./alt_xcvr_reconfig_direct.sv SYSTEM_VERILOG PATH ../alt_xcvr_reconfig_direct/alt_xcvr_reconfig_direct.sv
Info: alt_xcvr_reconfig_0: add_fileset_file ./sv_xrbasic_l2p_addr.sv SYSTEM_VERILOG PATH ../alt_xcvr_reconfig_basic/sv_xrbasic_l2p_addr.sv
Info: alt_xcvr_reconfig_0: add_fileset_file ./sv_xrbasic_l2p_ch.sv SYSTEM_VERILOG PATH ../alt_xcvr_reconfig_basic/sv_xrbasic_l2p_ch.sv
Info: alt_xcvr_reconfig_0: add_fileset_file ./sv_xrbasic_l2p_rom.sv SYSTEM_VERILOG PATH ../alt_xcvr_reconfig_basic/sv_xrbasic_l2p_rom.sv
Info: alt_xcvr_reconfig_0: add_fileset_file ./sv_xrbasic_lif_csr.sv SYSTEM_VERILOG PATH ../alt_xcvr_reconfig_basic/sv_xrbasic_lif_csr.sv
Info: alt_xcvr_reconfig_0: add_fileset_file ./sv_xrbasic_lif.sv SYSTEM_VERILOG PATH ../alt_xcvr_reconfig_basic/sv_xrbasic_lif.sv
Info: alt_xcvr_reconfig_0: add_fileset_file ./sv_xcvr_reconfig_basic.sv SYSTEM_VERILOG PATH ../alt_xcvr_reconfig_basic/sv_xcvr_reconfig_basic.sv
Info: alt_xcvr_reconfig_0: add_fileset_file ./alt_arbiter_acq.sv SYSTEM_VERILOG PATH ../alt_xcvr_reconfig_basic/alt_arbiter_acq.sv
Info: alt_xcvr_reconfig_0: add_fileset_file ./alt_xcvr_reconfig_basic.sv SYSTEM_VERILOG PATH ../alt_xcvr_reconfig_basic/alt_xcvr_reconfig_basic.sv
Info: alt_xcvr_reconfig_0: add_fileset_file ./alt_xcvr_reconfig.sdc OTHER PATH .//alt_xcvr_reconfig.sdc
Info: alt_xcvr_reconfig_0: add_fileset_file ./alt_xcvr_arbiter.sv SYSTEM_VERILOG PATH ../../altera_xcvr_generic/ctrl/alt_xcvr_arbiter.sv
Info: alt_xcvr_reconfig_0: add_fileset_file ./alt_xcvr_m2s.sv SYSTEM_VERILOG PATH ../../altera_xcvr_generic/ctrl/alt_xcvr_m2s.sv
Info: alt_xcvr_reconfig_0: add_fileset_file ./altera_wait_generate.v VERILOG PATH ../../altera_xcvr_generic/ctrl/altera_wait_generate.v
Info: alt_xcvr_reconfig_0: add_fileset_file ./alt_xcvr_csr_selector.sv SYSTEM_VERILOG PATH ../../altera_xcvr_generic/ctrl/alt_xcvr_csr_selector.sv
Info: alt_xcvr_reconfig_0: add_fileset_file ./sv_reconfig_bundle_to_basic.sv SYSTEM_VERILOG PATH ../../altera_xcvr_generic/sv/sv_reconfig_bundle_to_basic.sv
Info: alt_xcvr_reconfig_0: add_fileset_file ./alt_xcvr_reconfig_cpu.v VERILOG PATH C:/Users/a-jathon/AppData/Local/Temp/alt6688_4200543864033390587.dir/0010_alt_xcvr_reconfig_0_gen/QUARTUS_SYNTH/alt_xcvr_reconfig_cpu.v
Info: alt_xcvr_reconfig_0: add_fileset_file ./alt_xcvr_reconfig_cpu_reconfig_cpu.v VERILOG PATH C:/Users/a-jathon/AppData/Local/Temp/alt6688_4200543864033390587.dir/0010_alt_xcvr_reconfig_0_gen/QUARTUS_SYNTH/submodules/alt_xcvr_reconfig_cpu_reconfig_cpu.v
Info: alt_xcvr_reconfig_0: add_fileset_file ./alt_xcvr_reconfig_cpu_reconfig_cpu_rf_ram_a.mif OTHER PATH C:/Users/a-jathon/AppData/Local/Temp/alt6688_4200543864033390587.dir/0010_alt_xcvr_reconfig_0_gen/QUARTUS_SYNTH/submodules/alt_xcvr_reconfig_cpu_reconfig_cpu_rf_ram_a.mif
Info: alt_xcvr_reconfig_0: add_fileset_file ./alt_xcvr_reconfig_cpu_reconfig_cpu_rf_ram_b.mif OTHER PATH C:/Users/a-jathon/AppData/Local/Temp/alt6688_4200543864033390587.dir/0010_alt_xcvr_reconfig_0_gen/QUARTUS_SYNTH/submodules/alt_xcvr_reconfig_cpu_reconfig_cpu_rf_ram_b.mif
Info: alt_xcvr_reconfig_0: add_fileset_file ./alt_xcvr_reconfig_cpu_reconfig_cpu_test_bench.v VERILOG PATH C:/Users/a-jathon/AppData/Local/Temp/alt6688_4200543864033390587.dir/0010_alt_xcvr_reconfig_0_gen/QUARTUS_SYNTH/submodules/alt_xcvr_reconfig_cpu_reconfig_cpu_test_bench.v
Info: alt_xcvr_reconfig_0: add_fileset_file ./alt_xcvr_reconfig_cpu_mm_interconnect_0.v VERILOG PATH C:/Users/a-jathon/AppData/Local/Temp/alt6688_4200543864033390587.dir/0010_alt_xcvr_reconfig_0_gen/QUARTUS_SYNTH/submodules/alt_xcvr_reconfig_cpu_mm_interconnect_0.v
Info: alt_xcvr_reconfig_0: add_fileset_file ./alt_xcvr_reconfig_cpu_irq_mapper.sv SYSTEM_VERILOG PATH C:/Users/a-jathon/AppData/Local/Temp/alt6688_4200543864033390587.dir/0010_alt_xcvr_reconfig_0_gen/QUARTUS_SYNTH/submodules/alt_xcvr_reconfig_cpu_irq_mapper.sv
Info: alt_xcvr_reconfig_0: add_fileset_file ./altera_reset_controller.v VERILOG PATH C:/Users/a-jathon/AppData/Local/Temp/alt6688_4200543864033390587.dir/0010_alt_xcvr_reconfig_0_gen/QUARTUS_SYNTH/submodules/altera_reset_controller.v
Info: alt_xcvr_reconfig_0: add_fileset_file ./altera_reset_synchronizer.v VERILOG PATH C:/Users/a-jathon/AppData/Local/Temp/alt6688_4200543864033390587.dir/0010_alt_xcvr_reconfig_0_gen/QUARTUS_SYNTH/submodules/altera_reset_synchronizer.v
Info: alt_xcvr_reconfig_0: add_fileset_file ./altera_reset_controller.sdc OTHER PATH C:/Users/a-jathon/AppData/Local/Temp/alt6688_4200543864033390587.dir/0010_alt_xcvr_reconfig_0_gen/QUARTUS_SYNTH/submodules/altera_reset_controller.sdc
Info: alt_xcvr_reconfig_0: add_fileset_file ./altera_merlin_master_translator.sv SYSTEM_VERILOG PATH C:/Users/a-jathon/AppData/Local/Temp/alt6688_4200543864033390587.dir/0010_alt_xcvr_reconfig_0_gen/QUARTUS_SYNTH/submodules/altera_merlin_master_translator.sv
Info: alt_xcvr_reconfig_0: add_fileset_file ./altera_merlin_slave_translator.sv SYSTEM_VERILOG PATH C:/Users/a-jathon/AppData/Local/Temp/alt6688_4200543864033390587.dir/0010_alt_xcvr_reconfig_0_gen/QUARTUS_SYNTH/submodules/altera_merlin_slave_translator.sv
Info: alt_xcvr_reconfig_0: add_fileset_file ./altera_merlin_master_agent.sv SYSTEM_VERILOG PATH C:/Users/a-jathon/AppData/Local/Temp/alt6688_4200543864033390587.dir/0010_alt_xcvr_reconfig_0_gen/QUARTUS_SYNTH/submodules/altera_merlin_master_agent.sv
Info: alt_xcvr_reconfig_0: add_fileset_file ./altera_merlin_slave_agent.sv SYSTEM_VERILOG PATH C:/Users/a-jathon/AppData/Local/Temp/alt6688_4200543864033390587.dir/0010_alt_xcvr_reconfig_0_gen/QUARTUS_SYNTH/submodules/altera_merlin_slave_agent.sv
Info: alt_xcvr_reconfig_0: add_fileset_file ./altera_merlin_burst_uncompressor.sv SYSTEM_VERILOG PATH C:/Users/a-jathon/AppData/Local/Temp/alt6688_4200543864033390587.dir/0010_alt_xcvr_reconfig_0_gen/QUARTUS_SYNTH/submodules/altera_merlin_burst_uncompressor.sv
Info: alt_xcvr_reconfig_0: add_fileset_file ./altera_avalon_sc_fifo.v VERILOG PATH C:/Users/a-jathon/AppData/Local/Temp/alt6688_4200543864033390587.dir/0010_alt_xcvr_reconfig_0_gen/QUARTUS_SYNTH/submodules/altera_avalon_sc_fifo.v
Info: alt_xcvr_reconfig_0: add_fileset_file ./alt_xcvr_reconfig_cpu_mm_interconnect_0_router.sv SYSTEM_VERILOG PATH C:/Users/a-jathon/AppData/Local/Temp/alt6688_4200543864033390587.dir/0010_alt_xcvr_reconfig_0_gen/QUARTUS_SYNTH/submodules/alt_xcvr_reconfig_cpu_mm_interconnect_0_router.sv
Info: alt_xcvr_reconfig_0: add_fileset_file ./alt_xcvr_reconfig_cpu_mm_interconnect_0_router_001.sv SYSTEM_VERILOG PATH C:/Users/a-jathon/AppData/Local/Temp/alt6688_4200543864033390587.dir/0010_alt_xcvr_reconfig_0_gen/QUARTUS_SYNTH/submodules/alt_xcvr_reconfig_cpu_mm_interconnect_0_router_001.sv
Info: alt_xcvr_reconfig_0: add_fileset_file ./alt_xcvr_reconfig_cpu_mm_interconnect_0_router_002.sv SYSTEM_VERILOG PATH C:/Users/a-jathon/AppData/Local/Temp/alt6688_4200543864033390587.dir/0010_alt_xcvr_reconfig_0_gen/QUARTUS_SYNTH/submodules/alt_xcvr_reconfig_cpu_mm_interconnect_0_router_002.sv
Info: alt_xcvr_reconfig_0: add_fileset_file ./alt_xcvr_reconfig_cpu_mm_interconnect_0_router_003.sv SYSTEM_VERILOG PATH C:/Users/a-jathon/AppData/Local/Temp/alt6688_4200543864033390587.dir/0010_alt_xcvr_reconfig_0_gen/QUARTUS_SYNTH/submodules/alt_xcvr_reconfig_cpu_mm_interconnect_0_router_003.sv
Info: alt_xcvr_reconfig_0: add_fileset_file ./alt_xcvr_reconfig_cpu_mm_interconnect_0_cmd_demux.sv SYSTEM_VERILOG PATH C:/Users/a-jathon/AppData/Local/Temp/alt6688_4200543864033390587.dir/0010_alt_xcvr_reconfig_0_gen/QUARTUS_SYNTH/submodules/alt_xcvr_reconfig_cpu_mm_interconnect_0_cmd_demux.sv
Info: alt_xcvr_reconfig_0: add_fileset_file ./alt_xcvr_reconfig_cpu_mm_interconnect_0_cmd_demux_001.sv SYSTEM_VERILOG PATH C:/Users/a-jathon/AppData/Local/Temp/alt6688_4200543864033390587.dir/0010_alt_xcvr_reconfig_0_gen/QUARTUS_SYNTH/submodules/alt_xcvr_reconfig_cpu_mm_interconnect_0_cmd_demux_001.sv
Info: alt_xcvr_reconfig_0: add_fileset_file ./altera_merlin_arbitrator.sv SYSTEM_VERILOG PATH C:/Users/a-jathon/AppData/Local/Temp/alt6688_4200543864033390587.dir/0010_alt_xcvr_reconfig_0_gen/QUARTUS_SYNTH/submodules/altera_merlin_arbitrator.sv
Info: alt_xcvr_reconfig_0: add_fileset_file ./alt_xcvr_reconfig_cpu_mm_interconnect_0_cmd_mux.sv SYSTEM_VERILOG PATH C:/Users/a-jathon/AppData/Local/Temp/alt6688_4200543864033390587.dir/0010_alt_xcvr_reconfig_0_gen/QUARTUS_SYNTH/submodules/alt_xcvr_reconfig_cpu_mm_interconnect_0_cmd_mux.sv
Info: alt_xcvr_reconfig_0: add_fileset_file ./alt_xcvr_reconfig_cpu_mm_interconnect_0_cmd_mux_001.sv SYSTEM_VERILOG PATH C:/Users/a-jathon/AppData/Local/Temp/alt6688_4200543864033390587.dir/0010_alt_xcvr_reconfig_0_gen/QUARTUS_SYNTH/submodules/alt_xcvr_reconfig_cpu_mm_interconnect_0_cmd_mux_001.sv
Info: alt_xcvr_reconfig_0: add_fileset_file ./alt_xcvr_reconfig_cpu_mm_interconnect_0_rsp_mux.sv SYSTEM_VERILOG PATH C:/Users/a-jathon/AppData/Local/Temp/alt6688_4200543864033390587.dir/0010_alt_xcvr_reconfig_0_gen/QUARTUS_SYNTH/submodules/alt_xcvr_reconfig_cpu_mm_interconnect_0_rsp_mux.sv
Info: alt_xcvr_reconfig_0: add_fileset_file ./alt_xcvr_reconfig_cpu_mm_interconnect_0_rsp_mux_001.sv SYSTEM_VERILOG PATH C:/Users/a-jathon/AppData/Local/Temp/alt6688_4200543864033390587.dir/0010_alt_xcvr_reconfig_0_gen/QUARTUS_SYNTH/submodules/alt_xcvr_reconfig_cpu_mm_interconnect_0_rsp_mux_001.sv
Info: alt_xcvr_reconfig_0: "pcie_de_gen3_x8_ast256" instantiated alt_xcvr_reconfig "alt_xcvr_reconfig_0"
Info: Reusing file D:/FastRankingSlim40gXcvrParam/Catapult/Hardware/Shells/Common/PCIeGen3 - Copy/pcie3_ttk_rcd/DUT_example_design/pcie_de_gen3_x8_ast256/synthesis/submodules/altera_xcvr_functions.sv
Info: Reusing file D:/FastRankingSlim40gXcvrParam/Catapult/Hardware/Shells/Common/PCIeGen3 - Copy/pcie3_ttk_rcd/DUT_example_design/pcie_de_gen3_x8_ast256/synthesis/submodules/sv_xcvr_h.sv
Info: Reusing file D:/FastRankingSlim40gXcvrParam/Catapult/Hardware/Shells/Common/PCIeGen3 - Copy/pcie3_ttk_rcd/DUT_example_design/pcie_de_gen3_x8_ast256/synthesis/submodules/alt_xcvr_resync.sv
Info: Reusing file D:/FastRankingSlim40gXcvrParam/Catapult/Hardware/Shells/Common/PCIeGen3 - Copy/pcie3_ttk_rcd/DUT_example_design/pcie_de_gen3_x8_ast256/synthesis/submodules/alt_xcvr_reconfig_h.sv
Warning: Overwriting different file D:/FastRankingSlim40gXcvrParam/Catapult/Hardware/Shells/Common/PCIeGen3 - Copy/pcie3_ttk_rcd/DUT_example_design/pcie_de_gen3_x8_ast256/synthesis/submodules/plain_files.txt
Info: rst_controller: "pcie_de_gen3_x8_ast256" instantiated altera_reset_controller "rst_controller"
Info: Reusing file D:/FastRankingSlim40gXcvrParam/Catapult/Hardware/Shells/Common/PCIeGen3 - Copy/pcie3_ttk_rcd/DUT_example_design/pcie_de_gen3_x8_ast256/synthesis/submodules/altera_reset_controller.v
Info: Reusing file D:/FastRankingSlim40gXcvrParam/Catapult/Hardware/Shells/Common/PCIeGen3 - Copy/pcie3_ttk_rcd/DUT_example_design/pcie_de_gen3_x8_ast256/synthesis/submodules/altera_reset_synchronizer.v
Info: Reusing file D:/FastRankingSlim40gXcvrParam/Catapult/Hardware/Shells/Common/PCIeGen3 - Copy/pcie3_ttk_rcd/DUT_example_design/pcie_de_gen3_x8_ast256/synthesis/submodules/altera_reset_controller.sdc
Info: pcie_de_gen3_x8_ast256: Done "pcie_de_gen3_x8_ast256" with 6 modules, 176 files
Info: ip-generate succeeded.
Info: Finished: Create HDL design files for synthesis
